\BOOKMARK [0][-]{chapter*.1}{Resumo}{}
\BOOKMARK [0][-]{chapter*.4}{Lista de Abreviaturas e Siglas}{}
\BOOKMARK [0][-]{chapter.1}{Introdu\347\343o}{}
\BOOKMARK [1][-]{section.1.1}{Tema - descri\347\343o geral da \341rea, o Problema/Justificativa}{chapter.1}
\BOOKMARK [1][-]{section.1.2}{Hip\363tese e objetivo}{chapter.1}
\BOOKMARK [1][-]{section.1.3}{Metodo}{chapter.1}
\BOOKMARK [1][-]{section.1.4}{Escopo/Limita\347\365es}{chapter.1}
\BOOKMARK [1][-]{section.1.5}{Resultados Esperados}{chapter.1}
\BOOKMARK [0][-]{chapter.2}{Trabalhos Relacionados}{}
\BOOKMARK [0][-]{chapter.3}{Revis\343o Bibliogr\341fica}{}
\BOOKMARK [1][-]{section.3.1}{Model Driven Development}{chapter.3}
\BOOKMARK [1][-]{section.3.2}{Domain Specific Languages}{chapter.3}
\BOOKMARK [2][-]{subsection.3.2.1}{Templates}{section.3.2}
\BOOKMARK [1][-]{section.3.3}{Colabora\347\343o}{chapter.3}
\BOOKMARK [1][-]{section.3.4}{Wiki}{chapter.3}
\BOOKMARK [0][-]{chapter.4}{Desenvolvimento}{}
\BOOKMARK [1][-]{section.4.1}{Arquitetura do CoMDD}{chapter.4}
\BOOKMARK [1][-]{section.4.2}{M\351todo}{chapter.4}
\BOOKMARK [2][-]{subsection.4.2.1}{Estudo de Caso}{section.4.2}
\BOOKMARK [2][-]{subsection.4.2.2}{Resultados do Estudo de Caso}{section.4.2}
\BOOKMARK [0][-]{chapter.5}{Conclus\343o}{}
\BOOKMARK [1][-]{section.5.1}{Considera\347\365es finais}{chapter.5}
\BOOKMARK [1][-]{section.5.2}{Contribui\347\365es}{chapter.5}
\BOOKMARK [1][-]{section.5.3}{Trabalhos Futuros}{chapter.5}
\BOOKMARK [1][-]{section.5.4}{Considera\347\365es Finais}{chapter.5}
\BOOKMARK [1][-]{section.5.5}{}{chapter.5}
\BOOKMARK [0][-]{section.5.5}{Refer\352ncias}{}
\BOOKMARK [0][-]{chapter.6}{Ap\352ndice A}{}
\BOOKMARK [0][-]{chapter.7}{Ap\352ndice B}{}
\BOOKMARK [0][-]{chapter.8}{Ap\352ndice C}{}
