This is pdfTeX, Version 3.1415926-1.40.10 (TeX Live 2009/Debian) (format=pdflatex 2011.3.28)  11 JUL 2011 00:42
entering extended mode
 restricted \write18 enabled.
 %&-line parsing enabled.
**Quali.tex
(./Quali.tex
LaTeX2e <2009/09/24>
Babel <v3.8l> and hyphenation patterns for english, usenglishmax, dumylang, noh
yphenation, loaded.
(./modelo/icmc.cls
Document Class: modelo/icmc 2000/12/07 v1.0a ICMC document class
(/usr/share/texmf-texlive/tex/latex/base/bk12.clo
File: bk12.clo 2007/10/19 v1.4h Standard LaTeX file (size option)
)
\c@part=\count79
\c@chapter=\count80
\c@section=\count81
\c@subsection=\count82
\c@subsubsection=\count83
\c@paragraph=\count84
\c@subparagraph=\count85
\c@figure=\count86
\c@table=\count87
\abovecaptionskip=\skip41
\belowcaptionskip=\skip42
\bibindent=\dimen102

(/usr/share/texmf-texlive/tex/latex/caption/caption.sty
Package: caption 2009/10/09 v3.1k Customizing captions (AR)

(/usr/share/texmf-texlive/tex/latex/caption/caption3.sty
Package: caption3 2009/10/09 v3.1k caption3 kernel (AR)

(/usr/share/texmf-texlive/tex/latex/graphics/keyval.sty
Package: keyval 1999/03/16 v1.13 key=value parser (DPC)
\KV@toks@=\toks14
)
\captionmargin=\dimen103
\captionmargin@=\dimen104
\captionwidth=\dimen105
\caption@indent=\dimen106
\caption@parindent=\dimen107
\caption@hangindent=\dimen108
)
\c@ContinuedFloat=\count88
) (./titlesec.sty
Package: titlesec 1999/08/04 v2.1.1 Sectioning titles
)
(/usr/share/texmf-texlive/tex/latex/fancyhdr/fancyhdr.sty
\fancy@headwidth=\skip43
\f@ncyO@elh=\skip44
\f@ncyO@erh=\skip45
\f@ncyO@olh=\skip46
\f@ncyO@orh=\skip47
\f@ncyO@elf=\skip48
\f@ncyO@erf=\skip49
\f@ncyO@olf=\skip50
\f@ncyO@orf=\skip51
)
(/usr/share/texmf-texlive/tex/latex/float/float.sty
Package: float 2001/11/08 v1.3d Float enhancements (AL)
\c@float@type=\count89
\float@exts=\toks15
\float@box=\box26
\@float@everytoks=\toks16
\@floatcapt=\box27
))
(/usr/share/texmf-texlive/tex/generic/babel/babel.sty
Package: babel 2008/07/06 v3.8l The Babel package

(/usr/share/texmf-texlive/tex/generic/babel/portuges.ldf
Language: portuges 2008/03/18 v1.2q Portuguese support from the babel system

(/usr/share/texmf-texlive/tex/generic/babel/babel.def
File: babel.def 2008/07/06 v3.8l Babel common definitions
\babel@savecnt=\count90
\U@D=\dimen109
)

Package babel Warning: No hyphenation patterns were loaded for
(babel)                the language `Portuguese'
(babel)                I will use the patterns loaded for \language=0 instead.

\l@portuges = a dialect from \language0
\l@brazil = a dialect from \language\l@portuges 
Package babel Info: Making " an active character on input line 145.
)) (/usr/share/texmf-texlive/tex/latex/amsmath/amsmath.sty
Package: amsmath 2000/07/18 v2.13 AMS math features
\@mathmargin=\skip52

For additional information on amsmath, use the `?' option.
(/usr/share/texmf-texlive/tex/latex/amsmath/amstext.sty
Package: amstext 2000/06/29 v2.01

(/usr/share/texmf-texlive/tex/latex/amsmath/amsgen.sty
File: amsgen.sty 1999/11/30 v2.0
\@emptytoks=\toks17
\ex@=\dimen110
))
(/usr/share/texmf-texlive/tex/latex/amsmath/amsbsy.sty
Package: amsbsy 1999/11/29 v1.2d
\pmbraise@=\dimen111
)
(/usr/share/texmf-texlive/tex/latex/amsmath/amsopn.sty
Package: amsopn 1999/12/14 v2.01 operator names
)
\inf@bad=\count91
LaTeX Info: Redefining \frac on input line 211.
\uproot@=\count92
\leftroot@=\count93
LaTeX Info: Redefining \overline on input line 307.
\classnum@=\count94
\DOTSCASE@=\count95
LaTeX Info: Redefining \ldots on input line 379.
LaTeX Info: Redefining \dots on input line 382.
LaTeX Info: Redefining \cdots on input line 467.
\Mathstrutbox@=\box28
\strutbox@=\box29
\big@size=\dimen112
LaTeX Font Info:    Redeclaring font encoding OML on input line 567.
LaTeX Font Info:    Redeclaring font encoding OMS on input line 568.
\macc@depth=\count96
\c@MaxMatrixCols=\count97
\dotsspace@=\muskip10
\c@parentequation=\count98
\dspbrk@lvl=\count99
\tag@help=\toks18
\row@=\count100
\column@=\count101
\maxfields@=\count102
\andhelp@=\toks19
\eqnshift@=\dimen113
\alignsep@=\dimen114
\tagshift@=\dimen115
\tagwidth@=\dimen116
\totwidth@=\dimen117
\lineht@=\dimen118
\@envbody=\toks20
\multlinegap=\skip53
\multlinetaggap=\skip54
\mathdisplay@stack=\toks21
LaTeX Info: Redefining \[ on input line 2666.
LaTeX Info: Redefining \] on input line 2667.
)
(/usr/share/texmf-texlive/tex/latex/graphics/color.sty
Package: color 2005/11/14 v1.0j Standard LaTeX Color (DPC)

(/etc/texmf/tex/latex/config/color.cfg
File: color.cfg 2007/01/18 v1.5 color configuration of teTeX/TeXLive
)
Package color Info: Driver file: pdftex.def on input line 130.

(/usr/share/texmf-texlive/tex/latex/pdftex-def/pdftex.def
File: pdftex.def 2009/08/25 v0.04m Graphics/color for pdfTeX
\Gread@gobject=\count103
))
(/usr/share/texmf-texlive/tex/latex/colortbl/colortbl.sty
Package: colortbl 2001/02/13 v0.1j Color table columns (DPC)

(/usr/share/texmf-texlive/tex/latex/tools/array.sty
Package: array 2008/09/09 v2.4c Tabular extension package (FMi)
\col@sep=\dimen119
\extrarowheight=\dimen120
\NC@list=\toks22
\extratabsurround=\skip55
\backup@length=\skip56
)
\everycr=\toks23
\minrowclearance=\skip57
)
(/usr/share/texmf-texlive/tex/latex/geometry/geometry.sty
Package: geometry 2008/12/21 v4.2 Page Geometry

(/usr/share/texmf-texlive/tex/generic/oberdiek/ifpdf.sty
Package: ifpdf 2009/04/10 v2.0 Provides the ifpdf switch (HO)
Package ifpdf Info: pdfTeX in pdf mode detected.
)
(/usr/share/texmf-texlive/tex/generic/oberdiek/ifvtex.sty
Package: ifvtex 2008/11/04 v1.4 Switches for detecting VTeX and its modes (HO)
Package ifvtex Info: VTeX not detected.
)
\Gm@cnth=\count104
\Gm@cntv=\count105
\c@Gm@tempcnt=\count106
\Gm@bindingoffset=\dimen121
\Gm@wd@mp=\dimen122
\Gm@odd@mp=\dimen123
\Gm@even@mp=\dimen124
\Gm@dimlist=\toks24
)
(/usr/share/texmf-texlive/tex/latex/base/inputenc.sty
Package: inputenc 2008/03/30 v1.1d Input encoding file
\inpenc@prehook=\toks25
\inpenc@posthook=\toks26

(/usr/share/texmf-texlive/tex/latex/base/latin1.def
File: latin1.def 2008/03/30 v1.1d Input encoding file
))
(/usr/share/texmf-texlive/tex/latex/base/fontenc.sty
Package: fontenc 2005/09/27 v1.99g Standard LaTeX package

(/usr/share/texmf-texlive/tex/latex/base/t1enc.def
File: t1enc.def 2005/09/27 v1.99g Standard LaTeX file
LaTeX Font Info:    Redeclaring font encoding T1 on input line 43.
))
(/usr/share/texmf-texlive/tex/latex/setspace/setspace.sty
Package: setspace 2000/12/01 6.7 Contributed and Supported LaTeX2e package

Package: `setspace' 6.7 <2000/12/01>
) (/usr/share/texmf-texlive/tex/latex/natbib/natbib.sty
Package: natbib 2009/07/16 8.31 (PWD, AO)
\bibhang=\skip58
\bibsep=\skip59
LaTeX Info: Redefining \cite on input line 694.
\c@NAT@ctr=\count107
)
(/usr/share/texmf-texlive/tex/latex/ltxmisc/url.sty
\Urlmuskip=\muskip11
Package: url 2006/04/12  ver 3.3  Verb mode for urls, etc.
)
(/usr/share/texmf-texlive/tex/latex/listings/listings.sty
\lst@mode=\count108
\lst@gtempboxa=\box30
\lst@token=\toks27
\lst@length=\count109
\lst@currlwidth=\dimen125
\lst@column=\count110
\lst@pos=\count111
\lst@lostspace=\dimen126
\lst@width=\dimen127
\lst@newlines=\count112
\lst@lineno=\count113
\lst@maxwidth=\dimen128

(/usr/share/texmf-texlive/tex/latex/listings/lstmisc.sty
File: lstmisc.sty 2007/02/22 1.4 (Carsten Heinz)
\c@lstnumber=\count114
\lst@skipnumbers=\count115
\lst@framebox=\box31
)
(/usr/share/texmf-texlive/tex/latex/listings/listings.cfg
File: listings.cfg 2007/02/22 1.4 listings configuration
))
Package: listings 2007/02/22 1.4 (Carsten Heinz)

(/usr/share/texmf-texlive/tex/latex/listings/lstlang1.sty
File: lstlang1.sty 2004/09/05 1.3 listings language file
)
(/usr/share/texmf-texlive/tex/latex/listings/lstlang1.sty
File: lstlang1.sty 2004/09/05 1.3 listings language file
)
(/usr/share/texmf-texlive/tex/latex/fancybox/fancybox.sty
Package: fancybox 2000/09/19 1.3

Style option: `fancybox' v1.3 <2000/09/19> (tvz)
\@fancybox=\box32
\shadowsize=\dimen129
\@Sbox=\box33
\do@VerbBox=\toks28
\the@fancyput=\toks29
\this@fancyput=\toks30
\EndVerbatimTokens=\toks31
\Verbatim@Outfile=\write3
\Verbatim@Infile=\read1
) (/usr/share/texmf-texlive/tex/latex/tools/indentfirst.sty
Package: indentfirst 1995/11/23 v1.03 Indent first paragraph (DPC)
)
(/usr/share/texmf-texlive/tex/latex/psnfss/times.sty
Package: times 2005/04/12 PSNFSS-v9.2a (SPQR) 
)
(/usr/share/texmf-texlive/tex/latex/textfit/textfit.sty
Package: textfit 1994/04/15
\mags@f@r=\count116
\desired@size=\dimen130
\r@mainder=\count117
\m@gstepcount=\count118
\m@gsteplimit=\count119
\m@gstepvalue=\count120
\m@gstepdimen=\dimen131
)
(/usr/share/texmf-texlive/tex/latex/subfigure/subfigure.sty
Package: subfigure 2002/03/15 v2.1.5 subfigure package
\subfigtopskip=\skip60
\subfigcapskip=\skip61
\subfigcaptopadj=\dimen132
\subfigbottomskip=\skip62
\subfigcapmargin=\dimen133
\subfiglabelskip=\skip63
\c@subfigure=\count121
\c@lofdepth=\count122
\c@subtable=\count123
\c@lotdepth=\count124

****************************************
* Local config file subfigure.cfg used *
****************************************
(/usr/share/texmf-texlive/tex/latex/subfigure/subfigure.cfg)
\subfig@top=\skip64
\subfig@bottom=\skip65
)
(/usr/share/texmf-texlive/tex/latex/base/textcomp.sty
Package: textcomp 2005/09/27 v1.99g Standard LaTeX package
Package textcomp Info: Sub-encoding information:
(textcomp)               5 = only ISO-Adobe without \textcurrency
(textcomp)               4 = 5 + \texteuro
(textcomp)               3 = 4 + \textohm
(textcomp)               2 = 3 + \textestimated + \textcurrency
(textcomp)               1 = TS1 - \textcircled - \t
(textcomp)               0 = TS1 (full)
(textcomp)             Font families with sub-encoding setting implement
(textcomp)             only a restricted character set as indicated.
(textcomp)             Family '?' is the default used for unknown fonts.
(textcomp)             See the documentation for details.
Package textcomp Info: Setting ? sub-encoding to TS1/1 on input line 71.

(/usr/share/texmf-texlive/tex/latex/base/ts1enc.def
File: ts1enc.def 2001/06/05 v3.0e (jk/car/fm) Standard LaTeX file
)
LaTeX Info: Redefining \oldstylenums on input line 266.
Package textcomp Info: Setting cmr sub-encoding to TS1/0 on input line 281.
Package textcomp Info: Setting cmss sub-encoding to TS1/0 on input line 282.
Package textcomp Info: Setting cmtt sub-encoding to TS1/0 on input line 283.
Package textcomp Info: Setting cmvtt sub-encoding to TS1/0 on input line 284.
Package textcomp Info: Setting cmbr sub-encoding to TS1/0 on input line 285.
Package textcomp Info: Setting cmtl sub-encoding to TS1/0 on input line 286.
Package textcomp Info: Setting ccr sub-encoding to TS1/0 on input line 287.
Package textcomp Info: Setting ptm sub-encoding to TS1/4 on input line 288.
Package textcomp Info: Setting pcr sub-encoding to TS1/4 on input line 289.
Package textcomp Info: Setting phv sub-encoding to TS1/4 on input line 290.
Package textcomp Info: Setting ppl sub-encoding to TS1/3 on input line 291.
Package textcomp Info: Setting pag sub-encoding to TS1/4 on input line 292.
Package textcomp Info: Setting pbk sub-encoding to TS1/4 on input line 293.
Package textcomp Info: Setting pnc sub-encoding to TS1/4 on input line 294.
Package textcomp Info: Setting pzc sub-encoding to TS1/4 on input line 295.
Package textcomp Info: Setting bch sub-encoding to TS1/4 on input line 296.
Package textcomp Info: Setting put sub-encoding to TS1/5 on input line 297.
Package textcomp Info: Setting uag sub-encoding to TS1/5 on input line 298.
Package textcomp Info: Setting ugq sub-encoding to TS1/5 on input line 299.
Package textcomp Info: Setting ul8 sub-encoding to TS1/4 on input line 300.
Package textcomp Info: Setting ul9 sub-encoding to TS1/4 on input line 301.
Package textcomp Info: Setting augie sub-encoding to TS1/5 on input line 302.
Package textcomp Info: Setting dayrom sub-encoding to TS1/3 on input line 303.
Package textcomp Info: Setting dayroms sub-encoding to TS1/3 on input line 304.

Package textcomp Info: Setting pxr sub-encoding to TS1/0 on input line 305.
Package textcomp Info: Setting pxss sub-encoding to TS1/0 on input line 306.
Package textcomp Info: Setting pxtt sub-encoding to TS1/0 on input line 307.
Package textcomp Info: Setting txr sub-encoding to TS1/0 on input line 308.
Package textcomp Info: Setting txss sub-encoding to TS1/0 on input line 309.
Package textcomp Info: Setting txtt sub-encoding to TS1/0 on input line 310.
Package textcomp Info: Setting futs sub-encoding to TS1/4 on input line 311.
Package textcomp Info: Setting futx sub-encoding to TS1/4 on input line 312.
Package textcomp Info: Setting futj sub-encoding to TS1/4 on input line 313.
Package textcomp Info: Setting hlh sub-encoding to TS1/3 on input line 314.
Package textcomp Info: Setting hls sub-encoding to TS1/3 on input line 315.
Package textcomp Info: Setting hlst sub-encoding to TS1/3 on input line 316.
Package textcomp Info: Setting hlct sub-encoding to TS1/5 on input line 317.
Package textcomp Info: Setting hlx sub-encoding to TS1/5 on input line 318.
Package textcomp Info: Setting hlce sub-encoding to TS1/5 on input line 319.
Package textcomp Info: Setting hlcn sub-encoding to TS1/5 on input line 320.
Package textcomp Info: Setting hlcw sub-encoding to TS1/5 on input line 321.
Package textcomp Info: Setting hlcf sub-encoding to TS1/5 on input line 322.
Package textcomp Info: Setting pplx sub-encoding to TS1/3 on input line 323.
Package textcomp Info: Setting pplj sub-encoding to TS1/3 on input line 324.
Package textcomp Info: Setting ptmx sub-encoding to TS1/4 on input line 325.
Package textcomp Info: Setting ptmj sub-encoding to TS1/4 on input line 326.
)
(/usr/share/texmf-texlive/tex/latex/lettrine/lettrine.sty
File: lettrine.sty 2007/08/08 v1.62 (Daniel Flipo)
\c@DefaultLines=\count125
\DefaultFindent=\dimen134
\DefaultNindent=\dimen135
\DefaultSlope=\dimen136
\L@lbox=\box34
\L@tbox=\box35
\c@L@lines=\count126
\L@Pindent=\dimen137
\L@Findent=\dimen138
\L@Nindent=\dimen139
\L@lraise=\dimen140
\L@first=\dimen141
\L@next=\dimen142
\L@slope=\dimen143
\L@height=\dimen144
\LettrineWidth=\dimen145

Loading lettrine.cfg
(/usr/share/texmf-texlive/tex/latex/lettrine/lettrine.cfg))
(/usr/share/texmf-texlive/tex/latex/multirow/multirow.sty
\bigstrutjot=\dimen146
)
(/usr/share/texmf-texlive/tex/latex/tools/longtable.sty
Package: longtable 2004/02/01 v4.11 Multi-page Table package (DPC)
\LTleft=\skip66
\LTright=\skip67
\LTpre=\skip68
\LTpost=\skip69
\LTchunksize=\count127
\LTcapwidth=\dimen147
\LT@head=\box36
\LT@firsthead=\box37
\LT@foot=\box38
\LT@lastfoot=\box39
\LT@cols=\count128
\LT@rows=\count129
\c@LT@tables=\count130
\c@LT@chunks=\count131
\LT@p@ftn=\toks32
)
(/usr/share/texmf-texlive/tex/latex/graphics/graphicx.sty
Package: graphicx 1999/02/16 v1.0f Enhanced LaTeX Graphics (DPC,SPQR)

(/usr/share/texmf-texlive/tex/latex/graphics/graphics.sty
Package: graphics 2009/02/05 v1.0o Standard LaTeX Graphics (DPC,SPQR)

(/usr/share/texmf-texlive/tex/latex/graphics/trig.sty
Package: trig 1999/03/16 v1.09 sin cos tan (DPC)
)
(/etc/texmf/tex/latex/config/graphics.cfg
File: graphics.cfg 2009/08/28 v1.8 graphics configuration of TeX Live
)
Package graphics Info: Driver file: pdftex.def on input line 91.
)
\Gin@req@height=\dimen148
\Gin@req@width=\dimen149
)
(/usr/share/texmf-texlive/tex/latex/hyperref/hyperref.sty
Package: hyperref 2009/10/09 v6.79a Hypertext links for LaTeX

(/usr/share/texmf-texlive/tex/generic/ifxetex/ifxetex.sty
Package: ifxetex 2009/01/23 v0.5 Provides ifxetex conditional
)
(/usr/share/texmf-texlive/tex/latex/oberdiek/hycolor.sty
Package: hycolor 2009/10/02 v1.5 Code for color options of hyperref/bookmark (H
O)

(/usr/share/texmf-texlive/tex/latex/oberdiek/xcolor-patch.sty
Package: xcolor-patch 2009/10/02 xcolor patch
))
\@linkdim=\dimen150
\Hy@linkcounter=\count132
\Hy@pagecounter=\count133

(/usr/share/texmf-texlive/tex/latex/hyperref/pd1enc.def
File: pd1enc.def 2009/10/09 v6.79a Hyperref: PDFDocEncoding definition (HO)
)
(/usr/share/texmf-texlive/tex/generic/oberdiek/etexcmds.sty
Package: etexcmds 2007/12/12 v1.2 Prefix for e-TeX command names (HO)

(/usr/share/texmf-texlive/tex/generic/oberdiek/infwarerr.sty
Package: infwarerr 2007/09/09 v1.2 Providing info/warning/message (HO)
)
Package etexcmds Info: Could not find \expanded.
(etexcmds)             That can mean that you are not using pdfTeX 1.50 or
(etexcmds)             that some package has redefined \expanded.
(etexcmds)             In the latter case, load this package earlier.
)
(/usr/share/texmf-texlive/tex/latex/latexconfig/hyperref.cfg
File: hyperref.cfg 2002/06/06 v1.2 hyperref configuration of TeXLive
)
(/usr/share/texmf-texlive/tex/latex/oberdiek/kvoptions.sty
Package: kvoptions 2009/08/13 v3.4 Keyval support for LaTeX options (HO)

(/usr/share/texmf-texlive/tex/generic/oberdiek/kvsetkeys.sty
Package: kvsetkeys 2009/07/30 v1.5 Key value parser with default handler suppor
t (HO)
))
Package hyperref Info: Hyper figures OFF on input line 2975.
Package hyperref Info: Link nesting OFF on input line 2980.
Package hyperref Info: Hyper index ON on input line 2983.
Package hyperref Info: Plain pages OFF on input line 2990.
Package hyperref Info: Backreferencing OFF on input line 2995.

Implicit mode ON; LaTeX internals redefined
Package hyperref Info: Bookmarks ON on input line 3191.
LaTeX Info: Redefining \url on input line 3428.
(/usr/share/texmf-texlive/tex/generic/oberdiek/bitset.sty
Package: bitset 2007/09/28 v1.0 Data type bit set (HO)

(/usr/share/texmf-texlive/tex/generic/oberdiek/intcalc.sty
Package: intcalc 2007/09/27 v1.1 Expandable integer calculations (HO)
)
(/usr/share/texmf-texlive/tex/generic/oberdiek/bigintcalc.sty
Package: bigintcalc 2007/11/11 v1.1 Expandable big integer calculations (HO)

(/usr/share/texmf-texlive/tex/generic/oberdiek/pdftexcmds.sty
Package: pdftexcmds 2009/09/23 v0.6 LuaTeX support for pdfTeX utility functions
 (HO)

(/usr/share/texmf-texlive/tex/generic/oberdiek/ifluatex.sty
Package: ifluatex 2009/04/17 v1.2 Provides the ifluatex switch (HO)
Package ifluatex Info: LuaTeX not detected.
)
(/usr/share/texmf-texlive/tex/generic/oberdiek/ltxcmds.sty
Package: ltxcmds 2009/08/05 v1.0 Some LaTeX kernel commands for general use (HO
)
)
Package pdftexcmds Info: LuaTeX not detected.
Package pdftexcmds Info: \pdf@primitive is available.
Package pdftexcmds Info: \pdf@ifprimitive is available.
)))
\Fld@menulength=\count134
\Field@Width=\dimen151
\Fld@charsize=\dimen152
\Field@toks=\toks33
Package hyperref Info: Hyper figures OFF on input line 4377.
Package hyperref Info: Link nesting OFF on input line 4382.
Package hyperref Info: Hyper index ON on input line 4385.
Package hyperref Info: backreferencing OFF on input line 4392.
Package hyperref Info: Link coloring OFF on input line 4397.
Package hyperref Info: Link coloring with OCG OFF on input line 4402.
Package hyperref Info: PDF/A mode OFF on input line 4407.

(/usr/share/texmf-texlive/tex/generic/oberdiek/atbegshi.sty
Package: atbegshi 2008/07/31 v1.9 At begin shipout hook (HO)
)
\Hy@abspage=\count135
\c@Item=\count136
\c@Hfootnote=\count137
)
*hyperref using driver hpdftex*
(/usr/share/texmf-texlive/tex/latex/hyperref/hpdftex.def
File: hpdftex.def 2009/10/09 v6.79a Hyperref driver for pdfTeX
\Fld@listcount=\count138
)
Package hyperref Info: Option `colorlinks' set `true' on input line 66.
Package hyperref Info: Option `debug' set `false' on input line 66.


LaTeX Warning: Unused global option(s):
    [abnt].

(./Quali.aux (./tex/referencias.aux))
\openout1 = `Quali.aux'.

LaTeX Font Info:    Checking defaults for OML/cmm/m/it on input line 71.
LaTeX Font Info:    ... okay on input line 71.
LaTeX Font Info:    Checking defaults for T1/cmr/m/n on input line 71.
LaTeX Font Info:    ... okay on input line 71.
LaTeX Font Info:    Checking defaults for OT1/cmr/m/n on input line 71.
LaTeX Font Info:    ... okay on input line 71.
LaTeX Font Info:    Checking defaults for OMS/cmsy/m/n on input line 71.
LaTeX Font Info:    ... okay on input line 71.
LaTeX Font Info:    Checking defaults for OMX/cmex/m/n on input line 71.
LaTeX Font Info:    ... okay on input line 71.
LaTeX Font Info:    Checking defaults for U/cmr/m/n on input line 71.
LaTeX Font Info:    ... okay on input line 71.
LaTeX Font Info:    Checking defaults for TS1/cmr/m/n on input line 71.
LaTeX Font Info:    Try loading font information for TS1+cmr on input line 71.

(/usr/share/texmf-texlive/tex/latex/base/ts1cmr.fd
File: ts1cmr.fd 1999/05/25 v2.5h Standard LaTeX font definitions
)
LaTeX Font Info:    ... okay on input line 71.
LaTeX Font Info:    Checking defaults for PD1/pdf/m/n on input line 71.
LaTeX Font Info:    ... okay on input line 71.
LaTeX Font Info:    Try loading font information for T1+ptm on input line 71.

(/usr/share/texmf-texlive/tex/latex/psnfss/t1ptm.fd
File: t1ptm.fd 2001/06/04 font definitions for T1/ptm.
)
Package caption Info: Begin \AtBeginDocument code.
Package caption Info: float package is loaded.
Package caption Info: hyperref package is loaded.
Package caption Info: listings package is loaded.
Package caption Info: longtable package is loaded.

(/usr/share/texmf-texlive/tex/latex/caption/ltcaption.sty
Package: ltcaption 2008/03/28 v1.2 longtable captions (AR)
)
Package caption Info: subfigure package is loaded.
Package caption Info: End \AtBeginDocument code.

(/usr/share/texmf-texlive/tex/context/base/supp-pdf.mkii
[Loading MPS to PDF converter (version 2006.09.02).]
\scratchcounter=\count139
\scratchdimen=\dimen153
\scratchbox=\box40
\nofMPsegments=\count140
\nofMParguments=\count141
\everyMPshowfont=\toks34
\MPscratchCnt=\count142
\MPscratchDim=\dimen154
\MPnumerator=\count143
\everyMPtoPDFconversion=\toks35
)
*geometry auto-detecting driver*
*geometry detected driver: pdftex*
-------------------- Geometry parameters
paper: a4paper
landscape: --
twocolumn: --
twoside: true
asymmetric: --
h-parts: 71.13188pt, 469.47049pt, 56.9055pt
v-parts: 71.13188pt, 702.78308pt, 71.13188pt
hmarginratio: --
vmarginratio: --
lines: --
heightrounded: --
bindingoffset: 0.0pt
truedimen: --
includehead: --
includefoot: --
includemp: --
driver: pdftex
-------------------- Page layout dimensions and switches
\paperwidth  597.50787pt
\paperheight 845.04684pt
\textwidth  469.47049pt
\textheight 702.78308pt
\oddsidemargin  -1.1381pt
\evensidemargin -15.36449pt
\topmargin  -26.97147pt
\headheight 15.50002pt
\headsep    10.33334pt
\footskip   30.0pt
\marginparwidth 88.0pt
\marginparsep   7.0pt
\columnsep  10.0pt
\skip\footins  10.8pt plus 4.0pt minus 2.0pt
\hoffset 0.0pt
\voffset 0.0pt
\mag 1000
\@twosidetrue \@mparswitchtrue 
(1in=72.27pt, 1cm=28.45pt)
-----------------------
\c@lstlisting=\count144
Package hyperref Info: Link coloring ON on input line 71.
(/usr/share/texmf-texlive/tex/latex/hyperref/nameref.sty
Package: nameref 2007/05/29 v2.31 Cross-referencing by name of section

(/usr/share/texmf-texlive/tex/latex/oberdiek/refcount.sty
Package: refcount 2008/08/11 v3.1 Data extraction from references (HO)
)
\c@section@level=\count145
)
LaTeX Info: Redefining \ref on input line 71.
LaTeX Info: Redefining \pageref on input line 71.
 (./Quali.out)
(./Quali.out)
\@outlinefile=\write4
\openout4 = `Quali.out'.

\AtBeginShipoutBox=\box41
 (./tex/capa.tex
LaTeX Font Info:    Try loading font information for T1+phv on input line 12.

(/usr/share/texmf-texlive/tex/latex/psnfss/t1phv.fd
File: t1phv.fd 2001/06/04 scalable font definitions for T1/phv.
)
LaTeX Font Info:    Font shape `T1/ptm/bx/n' in size <12> not available
(Font)              Font shape `T1/ptm/b/n' tried instead on input line 14.
LaTeX Font Info:    Font shape `T1/ptm/bx/n' in size <14.4> not available
(Font)              Font shape `T1/ptm/b/n' tried instead on input line 14.
LaTeX Font Info:    Font shape `T1/ptm/bx/it' in size <14.4> not available
(Font)              Font shape `T1/ptm/b/it' tried instead on input line 14.
 [1

{/var/lib/texmf/fonts/map/pdftex/updmap/pdftex.map}] [2

]) (./tex/rosto.tex
Underfull \hbox (badness 10000) in paragraph at lines 12--14

 []

LaTeX Font Info:    Font shape `T1/ptm/bx/it' in size <12> not available
(Font)              Font shape `T1/ptm/b/it' tried instead on input line 25.
[3] [4

]) (./tex/resumo.tex
LaTeX Font Info:    Font shape `T1/phv/bx/n' in size <24.88> not available
(Font)              Font shape `T1/phv/b/n' tried instead on input line 2.

Overfull \hbox (2.28293pt too wide) in paragraph at lines 3--4
 \T1/ptm/m/n/12 que tem gan-hado cada vez mais es-paço na in-dús-tria e na acad
emia, 
 []

) [1



] [2


] (./Quali.toc [3])
\tf@toc=\write5
\openout5 = `Quali.toc'.

 [4] (./Quali.lof

Package natbib Warning: Citation `Lucredio2009' on page v undefined on input li
ne 4.


Package natbib Warning: Citation `Lucredio2009' on page v undefined on input li
ne 5.


Package natbib Warning: Citation `Lucredio2009' on page v undefined on input li
ne 6.


Package natbib Warning: Citation `OMG2003' on page v undefined on input line 8.



Package natbib Warning: Citation `Rama2006' on page v undefined on input line 1
2.


Package natbib Warning: Citation `Broekman2002' on page v undefined on input li
ne 16.

)
\tf@lof=\write6
\openout6 = `Quali.lof'.

 [5



] [6

] (./Quali.lot)
\tf@lot=\write7
\openout7 = `Quali.lot'.

 [7


] [8

] (./tex/siglas.tex) [9


] (./tex/siglas2.tex)
[10

] (./tex/introducao.tex
Cap\'{\i }tulo 1.

Package natbib Warning: Citation `Teppola2009' on page 1 undefined on input lin
e 6.


Package natbib Warning: Citation `France:2007:fose' on page 1 undefined on inpu
t line 6.


Package natbib Warning: Citation `Sherif:2006:ijim' on page 1 undefined on inpu
t line 10.


Package natbib Warning: Citation `Almeida:caise:2005' on page 1 undefined on in
put line 12.


Package natbib Warning: Citation `Lanubile2009' on page 1 undefined on input li
ne 18.


Package natbib Warning: Citation `Liggesmeyer2009' on page 1 undefined on input
 line 20.


Package natbib Warning: Citation `Aho2009' on page 1 undefined on input line 20
.


Package natbib Warning: Citation `Bendix2009' on page 1 undefined on input line
 20.

pdfTeX warning (ext4): destination with the same identifier (name{page.1}) has 
been already used, duplicate ignored
<to be read again> 
                   \relax 
l.21 
      [1




]

Package natbib Warning: Citation `Bendix2009' on page 2 undefined on input line
 22.


Package natbib Warning: Citation `Lanubile2009' on page 2 undefined on input li
ne 22.


Package natbib Warning: Citation `Liggesmeyer2009' on page 2 undefined on input
 line 24.


Package natbib Warning: Citation `Liggesmeyer2009' on page 2 undefined on input
 line 26.

pdfTeX warning (ext4): destination with the same identifier (name{page.2}) has 
been already used, duplicate ignored
<to be read again> 
                   \relax 
l.37 
      [2]
LaTeX Font Info:    Font shape `T1/phv/bx/n' in size <12> not available
(Font)              Font shape `T1/phv/b/n' tried instead on input line 40.
LaTeX Font Info:    Font shape `T1/phv/bx/n' in size <17.28> not available
(Font)              Font shape `T1/phv/b/n' tried instead on input line 40.
) (./tex/mdd.texpdfTeX warning (ext4): destination with the same identifier (na
me{page.3}) has been already used, duplicate ignored
<to be read again> 
                   \relax 
l.1 \newpage
             [3]pdfTeX warning (ext4): destination with the same identifier (na
me{page.4}) has been already used, duplicate ignored
<to be read again> 
                   \relax 
l.4 \chapter
            {MDD} [4


]
Cap\'{\i }tulo 2.

Package natbib Warning: Citation `Hailpern2006' on page 5 undefined on input li
ne 13.


Package natbib Warning: Citation `Mellor2003' on page 5 undefined on input line
 13.


Package natbib Warning: Citation `Sanchez2009' on page 5 undefined on input lin
e 15.


Package natbib Warning: Citation `Meijler2005' on page 5 undefined on input lin
e 17.

[5]

Package natbib Warning: Citation `Selic2003' on page 6 undefined on input line 
19.


Package natbib Warning: Citation `Sriplakich2006' on page 6 undefined on input 
line 19.

<imagens/desTrad.jpg, id=320, 465.4188pt x 195.129pt>
File: imagens/desTrad.jpg Graphic file (type jpg)

<use imagens/desTrad.jpg>

Package natbib Warning: Citation `Lucredio2009' on page 6 undefined on input li
ne 26.


Package natbib Warning: Citation `Lucredio2009' on page 6 undefined on input li
ne 26.

<imagens/desMDD.jpg, id=321, 466.1415pt x 152.4897pt>
File: imagens/desMDD.jpg Graphic file (type jpg)
 <use imagens/desMDD.jpg>

Package natbib Warning: Citation `Lucredio2009' on page 6 undefined on input li
ne 33.


Package natbib Warning: Citation `Lucredio2009' on page 6 undefined on input li
ne 33.


Package natbib Warning: Citation `Kleppe2003' on page 6 undefined on input line
 37.


Package natbib Warning: Citation `Lucredio2009' on page 6 undefined on input li
ne 37.

LaTeX Font Info:    Try loading font information for TS1+ptm on input line 40.
(/usr/share/texmf-texlive/tex/latex/psnfss/ts1ptm.fd
File: ts1ptm.fd 2001/06/04 font definitions for TS1/ptm.
)
Overfull \hbox (1.128pt too wide) in paragraph at lines 41--42
[]\T1/ptm/m/n/12 Portabilidade e In-ter-op-er-abil-i-dade: como o mod-elo é in-
de-pen-dente de plataforma, um mesmo
 []

[6 <./imagens/desTrad.jpg>]

Package natbib Warning: Citation `Lucredio2009' on page 7 undefined on input li
ne 57.

[7 <./imagens/desMDD.jpg>]
<imagens/principais_elementos.jpg, id=331, 652.68843pt x 298.11375pt>
File: imagens/principais_elementos.jpg Graphic file (type jpg)

<use imagens/principais_elementos.jpg>

Package natbib Warning: Citation `Lucredio2009' on page 8 undefined on input li
ne 68.


Package natbib Warning: Citation `Lucredio2009' on page 8 undefined on input li
ne 68.


Package natbib Warning: Citation `Stahl2006' on page 8 undefined on input line 
76.

[8 <./imagens/principais_elementos.jpg>]

Package natbib Warning: Citation `Stahl2006' on page 9 undefined on input line 
78.


Package natbib Warning: Citation `Deursen2000' on page 9 undefined on input lin
e 84.


Package natbib Warning: Citation `Meijler2005' on page 9 undefined on input lin
e 88.

[9]
LaTeX Font Info:    Font shape `T1/phv/bx/n' in size <14.4> not available
(Font)              Font shape `T1/phv/b/n' tried instead on input line 96.


Package natbib Warning: Citation `OMG2003' on page 10 undefined on input line 9
9.


Package natbib Warning: Citation `OMG2003' on page 10 undefined on input line 1
03.

<imagens/ciclodevidaMDA.png, id=347, 431.6125pt x 445.665pt>
File: imagens/ciclodevidaMDA.png Graphic file (type png)

<use imagens/ciclodevidaMDA.png>

Package natbib Warning: Citation `OMG2003' on page 10 undefined on input line 1
21.

[10] <imagens/pimpsm.png, id=354, 329.23pt x 321.2pt>
File: imagens/pimpsm.png Graphic file (type png)
 <use imagens/pimpsm.png>

Package natbib Warning: Citation `OMG2003' on page 11 undefined on input line 1
26.


Package natbib Warning: Citation `OMG2003' on page 11 undefined on input line 1
26.

<imagens/pimpsm2.png, id=356, 329.23pt x 283.0575pt>
File: imagens/pimpsm2.png Graphic file (type png)
 <use imagens/pimpsm2.png>
[11 <./imagens/ciclodevidaMDA.png (PNG copy)> <./imagens/pimpsm.png (PNG copy)>
]

Package natbib Warning: Citation `OMG2001' on page 12 undefined on input line 1
41.


Package natbib Warning: Citation `OMG2001' on page 12 undefined on input line 1
43.


Package natbib Warning: Citation `Lucredio2009' on page 12 undefined on input l
ine 145.

<imagens/metamodelagem.png, id=364, 340.27126pt x 342.27875pt>
File: imagens/metamodelagem.png Graphic file (type png)

<use imagens/metamodelagem.png>

Package natbib Warning: Citation `xmi1' on page 12 undefined on input line 154.



Package natbib Warning: Citation `xmi2' on page 12 undefined on input line 154.


[12 <./imagens/pimpsm2.png>]

Package natbib Warning: Citation `Eclipse' on page 13 undefined on input line 1
58.


Package natbib Warning: Citation `EclipseModeling' on page 13 undefined on inpu
t line 158.


Package natbib Warning: Citation `emfFaq' on page 13 undefined on input line 16
2.


Package natbib Warning: Citation `helpEMF' on page 13 undefined on input line 1
62.

[13 <./imagens/metamodelagem.png (PNG copy)>]

Package natbib Warning: Citation `emfFaq' on page 14 undefined on input line 16
4.


Package natbib Warning: Citation `helpEMF' on page 14 undefined on input line 1
64.


Package natbib Warning: Citation `jet' on page 14 undefined on input line 173.


Package natbib Warning: Citation `jet' on page 14 undefined on input line 175.


Package natbib Warning: Citation `Lucredio2009' on page 14 undefined on input l
ine 177.


Package natbib Warning: Citation `gmf' on page 14 undefined on input line 182.

[14]) (./tex/colaboracao.tex [15] [16


]
Cap\'{\i }tulo 3.

Package natbib Warning: Citation `McQuay2004' on page 17 undefined on input lin
e 14.


Package natbib Warning: Citation `Sriplakich2006' on page 17 undefined on input
 line 14.


Package natbib Warning: Citation `Rama2006' on page 17 undefined on input line 
16.


Package natbib Warning: Citation `Grudin1994' on page 17 undefined on input lin
e 16.

[17]

Package natbib Warning: Citation `Ellis1991' on page 18 undefined on input line
 19.


Package natbib Warning: Citation `Rama2006' on page 18 undefined on input line 
21.


Package natbib Warning: Citation `Rama2006' on page 18 undefined on input line 
23.


Package natbib Warning: Citation `Booch2003' on page 18 undefined on input line
 27.


Package natbib Warning: Citation `Lanubile2009' on page 18 undefined on input l
ine 29.


Package natbib Warning: Citation `Lanubile2009' on page 18 undefined on input l
ine 31.


Overfull \hbox (0.63747pt too wide) in paragraph at lines 31--32
\T1/ptm/m/n/12 volvi-dos por in-di-ví-duos dis-tribuí-dos ge-ografi-ca-mente. H
oje, um número de CDEs es-tão disponíveis
 []

[18]

Package natbib Warning: Citation `Bendix2009' on page 19 undefined on input lin
e 39.


Package natbib Warning: Citation `Bendix2009' on page 19 undefined on input lin
e 52.

[19]

Package natbib Warning: Citation `Rama2006' on page 20 undefined on input line 
69.

<imagens/quadrantes.jpeg, id=412, 887.315pt x 544.0325pt>
File: imagens/quadrantes.jpeg Graphic file (type jpg)

<use imagens/quadrantes.jpeg>

Package natbib Warning: Citation `Rama2006' on page 20 undefined on input line 
74.


Package natbib Warning: Citation `Rama2006' on page 20 undefined on input line 
74.


Package natbib Warning: Citation `Louridas2006' on page 20 undefined on input l
ine 86.


Package natbib Warning: Citation `Jang2006' on page 20 undefined on input line 
86.

[20]

Package natbib Warning: Citation `Tetard2009' on page 21 undefined on input lin
e 88.


Package natbib Warning: Citation `Jang2006' on page 21 undefined on input line 
88.


Package natbib Warning: Citation `Majchrzak2006' on page 21 undefined on input 
line 88.


Package natbib Warning: Citation `Jing2008' on page 21 undefined on input line 
90.


Package natbib Warning: Citation `Abeti2009' on page 21 undefined on input line
 90.


Package natbib Warning: Citation `Elrufaie2005' on page 21 undefined on input l
ine 90.


Package natbib Warning: Citation `Tetard2009' on page 21 undefined on input lin
e 90.


Package natbib Warning: Citation `Tetard2009' on page 21 undefined on input lin
e 92.


Package natbib Warning: Citation `Mehta2009' on page 21 undefined on input line
 92.


Package natbib Warning: Citation `Abeti2009' on page 21 undefined on input line
 92.


Package natbib Warning: Citation `Tetard2009' on page 21 undefined on input lin
e 92.


Package natbib Warning: Citation `Abeti2009' on page 21 undefined on input line
 92.


Package natbib Warning: Citation `Tetard2009' on page 21 undefined on input lin
e 92.


Package natbib Warning: Citation `Abeti2009' on page 21 undefined on input line
 94.


Package natbib Warning: Citation `Zimmerly2009' on page 21 undefined on input l
ine 94.

[21 <./imagens/quadrantes.jpeg>]

Package natbib Warning: Citation `Mehta2009' on page 22 undefined on input line
 96.


Package natbib Warning: Citation `Abeti2009' on page 22 undefined on input line
 113.

) (./tex/trabalhosRelacionados.tex [22]
Cap\'{\i }tulo 4.

Package natbib Warning: Citation `Levytskyy2009' on page 23 undefined on input 
line 20.

[23


]

Package natbib Warning: Citation `Abeti2009' on page 24 undefined on input line
 30.


Package natbib Warning: Citation `Abeti2009' on page 24 undefined on input line
 32.


Package natbib Warning: Citation `Abeti2009' on page 24 undefined on input line
 34.


Package natbib Warning: Citation `Sriplakich2006' on page 24 undefined on input
 line 38.


Package natbib Warning: Citation `Wenzel2008' on page 24 undefined on input lin
e 38.


Package natbib Warning: Citation `Kelter2005' on page 24 undefined on input lin
e 38.


Package natbib Warning: Citation `CVSM2008' on page 24 undefined on input line 
38.

[24]
Overfull \hbox (18.62381pt too wide) in paragraph at lines 65--66
[]\T1/ptm/m/n/12 http://www.infopar.com/br/produtos/mdd-mdsd-ferramenta-desenvo
lvimento-software-gerador-
 []


Overfull \hbox (1.99098pt too wide) in paragraph at lines 70--71
[]\T1/ptm/b/n/12 Ferramentas que aux-il-iam o tra-balho co-lab-o-ra-tivo e comp
ará-las com o comdd mostrando
 []

) (./tex/desenvolvimento.tex [25] [26


]
Cap\'{\i }tulo 5.

Package hyperref Warning: Difference (2) between bookmark levels is greater 
(hyperref)                than one, level fixed on input line 13.

[27]
Overfull \hbox (2.08725pt too wide) in paragraph at lines 23--24
[]\T1/ptm/b/n/12 Artefatos difer-entes e mesma fun-cional-i-dade \T1/ptm/m/n/12
 Essa ativi-dade é evi-tada pelo CoMDD porque
 []

[28]) (./tex/proposta.tex [29] [30


]
Cap\'{\i }tulo 6.

Package natbib Warning: Citation `Teppola2009' on page 31 undefined on input li
ne 14.


Package natbib Warning: Citation `Liggesmeyer2009' on page 31 undefined on inpu
t line 14.


Package natbib Warning: Citation `Aho2009' on page 31 undefined on input line 1
4.


Package natbib Warning: Citation `Bendix2009' on page 31 undefined on input lin
e 16.


Package natbib Warning: Citation `Bendix2009' on page 31 undefined on input lin
e 18.


Package natbib Warning: Citation `Lanubile2009' on page 31 undefined on input l
ine 18.


Package natbib Warning: Citation `Whitehead2007' on page 31 undefined on input 
line 18.


Package natbib Warning: Citation `Hailpern2006' on page 31 undefined on input l
ine 20.


Package natbib Warning: Citation `Warmer2007' on page 31 undefined on input lin
e 20.


Package natbib Warning: Citation `France2007' on page 31 undefined on input lin
e 21.


Package natbib Warning: Citation `Lucredio2008' on page 31 undefined on input l
ine 21.

[31]

Package natbib Warning: Citation `Liggesmeyer2009' on page 32 undefined on inpu
t line 25.


Package natbib Warning: Citation `Aho2009' on page 32 undefined on input line 2
5.


Package natbib Warning: Citation `Lanubile2009' on page 32 undefined on input l
ine 25.


Package natbib Warning: Citation `Walz1993' on page 32 undefined on input line 
25.


Package natbib Warning: Citation `France2007' on page 32 undefined on input lin
e 27.


Package natbib Warning: Citation `Abeti2009' on page 32 undefined on input line
 27.


Package natbib Warning: Citation `Bendix2008' on page 32 undefined on input lin
e 27.


Package natbib Warning: Citation `Levytskyy2009' on page 32 undefined on input 
line 27.

[32]

Package natbib Warning: Citation `Selonen2007' on page 33 undefined on input li
ne 52.


Package natbib Warning: Citation `Kelter2005' on page 33 undefined on input lin
e 54.


Package natbib Warning: Citation `Ohst2003' on page 33 undefined on input line 
54.


Package natbib Warning: Citation `Selonen2007a' on page 33 undefined on input l
ine 54.


Package natbib Warning: Citation `Xing2005' on page 33 undefined on input line 
54.


Package natbib Warning: Citation `Bartelt2008' on page 33 undefined on input li
ne 54.


Package natbib Warning: Citation `Bendix2008' on page 33 undefined on input lin
e 54.


Package natbib Warning: Citation `Bendix2009' on page 33 undefined on input lin
e 56.


Package natbib Warning: Citation `Souza1999' on page 33 undefined on input line
 58.


Package natbib Warning: Citation `Komi-Sirvioe2005' on page 33 undefined on inp
ut line 60.


Package natbib Warning: Citation `Bendix2009' on page 33 undefined on input lin
e 60.

[33]

Package natbib Warning: Citation `Broekman2002' on page 34 undefined on input l
ine 96.

<imagens/esq_gen_sis_emb.jpeg, id=497, 596.98032pt x 422.32782pt>
File: imagens/esq_gen_sis_emb.jpeg Graphic file (type jpg)

<use imagens/esq_gen_sis_emb.jpeg>

Package natbib Warning: Citation `Broekman2002' on page 34 undefined on input l
ine 101.


Package natbib Warning: Citation `Broekman2002' on page 34 undefined on input l
ine 101.


Package natbib Warning: Citation `Broekman2002' on page 34 undefined on input l
ine 105.


Package natbib Warning: Citation `Broekman2002' on page 34 undefined on input l
ine 107.

[34]

Package natbib Warning: Citation `Liggesmeyer2009' on page 35 undefined on inpu
t line 112.


Package natbib Warning: Citation `Liggesmeyer2009' on page 35 undefined on inpu
t line 114.


Overfull \hbox (9.57326pt too wide) in paragraph at lines 114--115
[]\T1/ptm/m/n/12 Os sis-temas de TI (Tec-nolo-gia da In-for-mação) pos-suem pla
tafor-mas de de-sen-volvi-mento maduras
 []

[35 <./imagens/esq_gen_sis_emb.jpeg>]

Package natbib Warning: Citation `Liggesmeyer2009' on page 36 undefined on inpu
t line 116.


Package natbib Warning: Citation `Liggesmeyer2009' on page 36 undefined on inpu
t line 118.


Package natbib Warning: Citation `Liggesmeyer2009' on page 36 undefined on inpu
t line 122.


Package natbib Warning: Citation `Nascimento2007' on page 36 undefined on input
 line 126.


Package natbib Warning: Citation `Martinez2009' on page 36 undefined on input l
ine 127.


Package natbib Warning: Citation `Conmy2007' on page 36 undefined on input line
 129.

[36]

Package natbib Warning: Citation `Booch2003' on page 37 undefined on input line
 135.


Package natbib Warning: Citation `Liggesmeyer2009' on page 37 undefined on inpu
t line 135.

) (./tex/metodo.tex [37] [38]
Cap\'{\i }tulo 7.
LaTeX Font Info:    Font shape `T1/ptm/bx/n' in size <10> not available
(Font)              Font shape `T1/ptm/b/n' tried instead on input line 20.

LaTeX Warning: Reference `sis_ger_cont' on page 39 undefined on input line 20.

[39


]

Package natbib Warning: Citation `Muthig2002' on page 40 undefined on input lin
e 29.


Package natbib Warning: Citation `Blois2005' on page 40 undefined on input line
 29.

LaTeX Font Info:    Try loading font information for T1+pcr on input line 31.
(/usr/share/texmf-texlive/tex/latex/psnfss/t1pcr.fd
File: t1pcr.fd 2001/06/04 font definitions for T1/pcr.
)
<imagens/suporteMetamodelo.png, id=532, 548.0475pt x 520.94624pt>
File: imagens/suporteMetamodelo.png Graphic file (type png)

<use imagens/suporteMetamodelo.png> [40 <./imagens/suporteMetamodelo.png (PNG c
opy)>] <imagens/transformacoes.png, id=539, 613.54219pt x 437.38406pt>
File: imagens/transformacoes.png Graphic file (type png)

<use imagens/transformacoes.png> [41]

Package natbib Warning: Citation `Tichy1982' on page 42 undefined on input line
 91.

[42 <./imagens/transformacoes.png (PNG copy)>]

Package natbib Warning: Citation `Gruber1991' on page 43 undefined on input lin
e 111.


Package natbib Warning: Citation `Souza1999' on page 43 undefined on input line
 113.


Package natbib Warning: Citation `Souza1999' on page 43 undefined on input line
 113.


Package natbib Warning: Citation `Lara2005' on page 43 undefined on input line 
115.

[43] <imagens/estudoCaso.png, id=560, 548.80031pt x 615.0478pt>
File: imagens/estudoCaso.png Graphic file (type png)

<use imagens/estudoCaso.png> [44]
<imagens/estudoDeCasoII.jpg, id=573, 1120.185pt x 831.105pt>
File: imagens/estudoDeCasoII.jpg Graphic file (type jpg)

<use imagens/estudoDeCasoII.jpg>
Underfull \hbox (badness 10000) in paragraph at lines 163--164

 []

LaTeX Font Info:    Font shape `T1/ptm/bx/n' in size <10.95> not available
(Font)              Font shape `T1/ptm/b/n' tried instead on input line 189.
LaTeX Font Info:    Font shape `T1/ptm/bx/n' in size <8> not available
(Font)              Font shape `T1/ptm/b/n' tried instead on input line 193.
[45]) [46] [47 <./imagens/estudoCaso.png (PNG copy)>] [48 <./imagens/estudoDeCa
soII.jpg>]
\openout2 = `tex/referencias.aux'.

 (./tex/referencias.tex
No file Quali.bbl.
)

Package natbib Warning: There were undefined citations.

(./Quali.aux (./tex/referencias.aux))

LaTeX Warning: There were undefined references.

 )
(\end occurred inside a group at level 1)

### semi simple group (level 1) entered at line 96 (\begingroup)
### bottom level 
Here is how much of TeX's memory you used:
 10332 strings out of 495061
 146581 string characters out of 1182621
 250456 words of memory out of 3000000
 13061 multiletter control sequences out of 15000+50000
 100930 words of font info for 105 fonts, out of 3000000 for 9000
 33 hyphenation exceptions out of 8191
 43i,12n,49p,1098b,567s stack positions out of 5000i,500n,10000p,200000b,50000s
{/usr/share/texmf-texlive/fonts/enc/dvips/base/8r.enc}</usr/sha
re/texmf-texlive/fonts/type1/public/amsfonts/cm/cmsy10.pfb></usr/share/texmf-te
xlive/fonts/type1/urw/courier/ucrr8a.pfb></usr/share/texmf-texlive/fonts/type1/
urw/helvetic/uhvb8a.pfb></usr/share/texmf-texlive/fonts/type1/urw/helvetic/uhvr
8a.pfb></usr/share/texmf-texlive/fonts/type1/urw/helvetic/uhvro8a.pfb></usr/sha
re/texmf-texlive/fonts/type1/urw/times/utmb8a.pfb></usr/share/texmf-texlive/fon
ts/type1/urw/times/utmbi8a.pfb></usr/share/texmf-texlive/fonts/type1/urw/times/
utmr8a.pfb></usr/share/texmf-texlive/fonts/type1/urw/times/utmr8a.pfb></usr/sha
re/texmf-texlive/fonts/type1/urw/times/utmri8a.pfb>
Output written on Quali.pdf (62 pages, 1079863 bytes).
PDF statistics:
 676 PDF objects out of 1000 (max. 8388607)
 155 named destinations out of 1000 (max. 500000)
 386 words of extra memory for PDF output out of 10000 (max. 10000000)

