\BOOKMARK [0][-]{chapter*.1}{Resumo}{}
\BOOKMARK [0][-]{chapter*.4}{Lista de Abreviaturas e Siglas}{}
\BOOKMARK [0][-]{chapter.1}{Introdu\347\343o}{}
\BOOKMARK [0][-]{chapter.2}{MDD}{}
\BOOKMARK [1][-]{section.2.1}{Defini\347\343o e Vantagens do MDD}{chapter.2}
\BOOKMARK [1][-]{section.2.2}{Fundamentos do MDD}{chapter.2}
\BOOKMARK [1][-]{section.2.3}{Principais Abordagens de MDD}{chapter.2}
\BOOKMARK [2][-]{subsection.2.3.1}{MDA}{section.2.3}
\BOOKMARK [2][-]{subsection.2.3.2}{Abordagem Eclipse}{section.2.3}
\BOOKMARK [1][-]{section.2.4}{Considera\347\365es Finais}{chapter.2}
\BOOKMARK [0][-]{chapter.3}{Colabora\347\343o}{}
\BOOKMARK [1][-]{section.3.1}{CSCW, Groupware, CDEs}{chapter.3}
\BOOKMARK [1][-]{section.3.2}{Requisitos de CDEs}{chapter.3}
\BOOKMARK [1][-]{section.3.3}{Os Quadrantes de Colabora\347\343o}{chapter.3}
\BOOKMARK [1][-]{section.3.4}{Sistemas Gerenciadores de Conte\372do}{chapter.3}
\BOOKMARK [2][-]{subsection.3.4.1}{Wikis}{section.3.4}
\BOOKMARK [2][-]{subsection.3.4.2}{CMSs}{section.3.4}
\BOOKMARK [2][-]{subsection.3.4.3}{IntraCMSs}{section.3.4}
\BOOKMARK [2][-]{subsection.3.4.4}{Compara\347\343o entre os CMSs}{section.3.4}
\BOOKMARK [1][-]{section.3.5}{Trabalhos Relacionados de colabora\347\343o em MDD }{chapter.3}
\BOOKMARK [1][-]{section.3.6}{Considera\347\365es Finais}{chapter.3}
\BOOKMARK [0][-]{chapter.4}{Proposta}{}
\BOOKMARK [1][-]{section.4.1}{Problema de Pesquisa}{chapter.4}
\BOOKMARK [1][-]{section.4.2}{Objetivo e Hip\363tese}{chapter.4}
\BOOKMARK [1][-]{section.4.3}{Estudo de Caso: CoMDD para Sistemas Embarcados}{chapter.4}
\BOOKMARK [1][-]{section.4.4}{Objetivos Espec\355ficos}{chapter.4}
\BOOKMARK [1][-]{section.4.5}{Considera\347\365es Finais}{chapter.4}
\BOOKMARK [0][-]{chapter.5}{M\351todo}{}
\BOOKMARK [1][-]{section.5.1}{M\351todo}{chapter.5}
\BOOKMARK [2][-]{subsection.5.1.1}{Inclus\343o de Suporte \340 Metamodelagem}{section.5.1}
\BOOKMARK [2][-]{subsection.5.1.2}{Suporte \340 Gera\347\343o de C\363digo}{section.5.1}
\BOOKMARK [2][-]{subsection.5.1.3}{Extens\343o da Interface}{section.5.1}
\BOOKMARK [2][-]{subsection.5.1.4}{Controle de Vers\343o}{section.5.1}
\BOOKMARK [2][-]{subsection.5.1.5}{Controle de Permiss\343o de Acesso}{section.5.1}
\BOOKMARK [2][-]{subsection.5.1.6}{Suporte ao Conhecimento das Decis\365es}{section.5.1}
\BOOKMARK [2][-]{subsection.5.1.7}{Execu\347\343o de Estudo de Caso I - Dom\355nio de TI}{section.5.1}
\BOOKMARK [2][-]{subsection.5.1.8}{Execu\347\343o de Estudo de Caso II - Dom\355nio de SE}{section.5.1}
\BOOKMARK [1][-]{section.5.2}{Cronograma}{chapter.5}
\BOOKMARK [1][-]{section.5.3}{Considera\347\365es Finais}{chapter.5}
\BOOKMARK [0][-]{section.5.3}{Refer\352ncias}{}
