\BOOKMARK [0][-]{chapter*.1}{Resumo}{}
\BOOKMARK [0][-]{chapter*.4}{Lista de Abreviaturas e Siglas}{}
\BOOKMARK [0][-]{chapter.1}{Introdu\347\343o}{}
\BOOKMARK [0][-]{chapter.2}{MDD}{}
\BOOKMARK [1][-]{section.2.1}{Defini\347\343o e Vantagens do MDD}{chapter.2}
\BOOKMARK [1][-]{section.2.2}{Fundamentos do MDD}{chapter.2}
\BOOKMARK [1][-]{section.2.3}{Principais Abordagens de MDD}{chapter.2}
\BOOKMARK [2][-]{subsection.2.3.1}{MDA}{section.2.3}
\BOOKMARK [2][-]{subsection.2.3.2}{Abordagem Eclipse}{section.2.3}
\BOOKMARK [1][-]{section.2.4}{Considera\347\365es Finais}{chapter.2}
\BOOKMARK [0][-]{chapter.3}{Colabora\347\343o}{}
\BOOKMARK [1][-]{section.3.1}{CSCW, Groupware, CDEs}{chapter.3}
\BOOKMARK [1][-]{section.3.2}{Requisitos de CDEs}{chapter.3}
\BOOKMARK [1][-]{section.3.3}{Os Quadrantes de Colabora\347\343o}{chapter.3}
\BOOKMARK [1][-]{section.3.4}{Wikis}{chapter.3}
\BOOKMARK [0][-]{chapter.4}{Trabalhos Relacionados}{}
\BOOKMARK [0][-]{chapter.5}{CoMDD}{}
\BOOKMARK [1][-]{subsection.5.0.1}{Edi\347\343o simult\342nea, Merge e Divis\343o de Tarefas}{chapter.5}
\BOOKMARK [2][-]{subsection.5.0.2}{Transforma\347\365es e Valida\347\365es}{subsection.5.0.1}
\BOOKMARK [2][-]{subsection.5.0.3}{Comunica\347\343o}{subsection.5.0.1}
\BOOKMARK [2][-]{subsection.5.0.4}{Benef\355cios}{subsection.5.0.1}
\BOOKMARK [1][-]{section.5.1}{Conclus\343o}{chapter.5}
\BOOKMARK [0][-]{chapter.6}{Proposta}{}
\BOOKMARK [1][-]{section.6.1}{Problema de Pesquisa}{chapter.6}
\BOOKMARK [1][-]{section.6.2}{Objetivo e Hip\363tese}{chapter.6}
\BOOKMARK [1][-]{section.6.3}{Estudo de Caso: CoMDD para Sistemas Embarcados}{chapter.6}
\BOOKMARK [1][-]{section.6.4}{Objetivos Espec\355ficos}{chapter.6}
\BOOKMARK [1][-]{section.6.5}{Considera\347\365es Finais}{chapter.6}
\BOOKMARK [0][-]{chapter.7}{M\351todo}{}
\BOOKMARK [1][-]{section.7.1}{M\351todo}{chapter.7}
\BOOKMARK [2][-]{subsection.7.1.1}{Inclus\343o de Suporte \340 Metamodelagem}{section.7.1}
\BOOKMARK [2][-]{subsection.7.1.2}{Suporte \340 Gera\347\343o de C\363digo}{section.7.1}
\BOOKMARK [2][-]{subsection.7.1.3}{Extens\343o da Interface}{section.7.1}
\BOOKMARK [2][-]{subsection.7.1.4}{Controle de Vers\343o}{section.7.1}
\BOOKMARK [2][-]{subsection.7.1.5}{Controle de Permiss\343o de Acesso}{section.7.1}
\BOOKMARK [2][-]{subsection.7.1.6}{Suporte ao Conhecimento das Decis\365es}{section.7.1}
\BOOKMARK [2][-]{subsection.7.1.7}{Execu\347\343o de Estudo de Caso I - Dom\355nio de TI}{section.7.1}
\BOOKMARK [2][-]{subsection.7.1.8}{Execu\347\343o de Estudo de Caso II - Dom\355nio de SE}{section.7.1}
\BOOKMARK [1][-]{section.7.2}{Cronograma}{chapter.7}
\BOOKMARK [1][-]{section.7.3}{Considera\347\365es Finais}{chapter.7}
