This is pdfTeXk, Version 3.141592-1.40.3 (Web2C 7.5.6) (format=pdflatex 2010.1.28)  10 MAR 2010 23:23
entering extended mode
 %&-line parsing enabled.
**Quali.tex
(./Quali.tex
LaTeX2e <2005/12/01>
Babel <v3.8h> and hyphenation patterns for english, usenglishmax, dumylang, noh
yphenation, croatian, ukrainian, russian, bulgarian, czech, slovak, danish, dut
ch, finnish, basque, french, german, ngerman, ibycus, greek, monogreek, ancient
greek, hungarian, italian, latin, mongolian, norsk, icelandic, interlingua, tur
kish, coptic, romanian, welsh, serbian, slovenian, estonian, esperanto, upperso
rbian, indonesian, polish, portuguese, spanish, catalan, galician, swedish, loa
ded.
(./modelo/icmc.cls
Document Class: modelo/icmc 2000/12/07 v1.0a ICMC document class
(/usr/share/texmf-texlive/tex/latex/base/bk12.clo
File: bk12.clo 2005/09/16 v1.4f Standard LaTeX file (size option)
)
\c@part=\count79
\c@chapter=\count80
\c@section=\count81
\c@subsection=\count82
\c@subsubsection=\count83
\c@paragraph=\count84
\c@subparagraph=\count85
\c@figure=\count86
\c@table=\count87
\abovecaptionskip=\skip41
\belowcaptionskip=\skip42
\bibindent=\dimen102

(/home/david/texmf/tex/latex/magsilva/NewerPackages/caption/caption.sty
Package: caption 2007/03/09 v3.0n Customising captions (AR)

(/home/david/texmf/tex/latex/magsilva/NewerPackages/caption/caption3.sty
Package: caption3 2007/03/09 v3.0n caption3 kernel (AR)

(/usr/share/texmf-texlive/tex/latex/graphics/keyval.sty
Package: keyval 1999/03/16 v1.13 key=value parser (DPC)
\KV@toks@=\toks14
)
\caption@keydepth=\count88
\captionmargin=\dimen103
\captionmarginx=\dimen104
\captionwidth=\dimen105
\captionindent=\dimen106
\captionparindent=\dimen107
\captionhangindent=\dimen108
)) (./titlesec.sty
Package: titlesec 1999/08/04 v2.1.1 Sectioning titles
)
(/usr/share/texmf-texlive/tex/latex/fancyhdr/fancyhdr.sty
\fancy@headwidth=\skip43
\f@ncyO@elh=\skip44
\f@ncyO@erh=\skip45
\f@ncyO@olh=\skip46
\f@ncyO@orh=\skip47
\f@ncyO@elf=\skip48
\f@ncyO@erf=\skip49
\f@ncyO@olf=\skip50
\f@ncyO@orf=\skip51
)
(/usr/share/texmf-texlive/tex/latex/float/float.sty
Package: float 2001/11/08 v1.3d Float enhancements (AL)
\c@float@type=\count89
\float@exts=\toks15
\float@box=\box26
\@float@everytoks=\toks16
\@floatcapt=\box27
))
(/usr/share/texmf-texlive/tex/generic/babel/babel.sty
Package: babel 2005/11/23 v3.8h The Babel package

(/usr/share/texmf-texlive/tex/generic/babel/portuges.ldf
Language: portuges 2005/03/31 v1.2p Portuguese support from the babel system

(/usr/share/texmf-texlive/tex/generic/babel/babel.def
File: babel.def 2005/11/23 v3.8h Babel common definitions
\babel@savecnt=\count90
\U@D=\dimen109
)
\l@brazil = a dialect from \language\l@portuges 
Package babel Info: Making " an active character on input line 145.
))
(/usr/share/texmf-texlive/tex/latex/amsmath/amsmath.sty
Package: amsmath 2000/07/18 v2.13 AMS math features
\@mathmargin=\skip52

For additional information on amsmath, use the `?' option.
(/usr/share/texmf-texlive/tex/latex/amsmath/amstext.sty
Package: amstext 2000/06/29 v2.01

(/usr/share/texmf-texlive/tex/latex/amsmath/amsgen.sty
File: amsgen.sty 1999/11/30 v2.0
\@emptytoks=\toks17
\ex@=\dimen110
))
(/usr/share/texmf-texlive/tex/latex/amsmath/amsbsy.sty
Package: amsbsy 1999/11/29 v1.2d
\pmbraise@=\dimen111
)
(/usr/share/texmf-texlive/tex/latex/amsmath/amsopn.sty
Package: amsopn 1999/12/14 v2.01 operator names
)
\inf@bad=\count91
LaTeX Info: Redefining \frac on input line 211.
\uproot@=\count92
\leftroot@=\count93
LaTeX Info: Redefining \overline on input line 307.
\classnum@=\count94
\DOTSCASE@=\count95
LaTeX Info: Redefining \ldots on input line 379.
LaTeX Info: Redefining \dots on input line 382.
LaTeX Info: Redefining \cdots on input line 467.
\Mathstrutbox@=\box28
\strutbox@=\box29
\big@size=\dimen112
LaTeX Font Info:    Redeclaring font encoding OML on input line 567.
LaTeX Font Info:    Redeclaring font encoding OMS on input line 568.
\macc@depth=\count96
\c@MaxMatrixCols=\count97
\dotsspace@=\muskip10
\c@parentequation=\count98
\dspbrk@lvl=\count99
\tag@help=\toks18
\row@=\count100
\column@=\count101
\maxfields@=\count102
\andhelp@=\toks19
\eqnshift@=\dimen113
\alignsep@=\dimen114
\tagshift@=\dimen115
\tagwidth@=\dimen116
\totwidth@=\dimen117
\lineht@=\dimen118
\@envbody=\toks20
\multlinegap=\skip53
\multlinetaggap=\skip54
\mathdisplay@stack=\toks21
LaTeX Info: Redefining \[ on input line 2666.
LaTeX Info: Redefining \] on input line 2667.
)
(/usr/share/texmf-texlive/tex/latex/graphics/color.sty
Package: color 2005/11/14 v1.0j Standard LaTeX Color (DPC)

(/etc/texmf/tex/latex/config/color.cfg
File: color.cfg 2007/01/18 v1.5 color configuration of teTeX/TeXLive
)
Package color Info: Driver file: pdftex.def on input line 130.

(/usr/share/texmf-texlive/tex/latex/pdftex-def/pdftex.def
File: pdftex.def 2007/01/08 v0.04d Graphics/color for pdfTeX
\Gread@gobject=\count103
))
(/usr/share/texmf-texlive/tex/latex/colortbl/colortbl.sty
Package: colortbl 2001/02/13 v0.1j Color table columns (DPC)

(/usr/share/texmf-texlive/tex/latex/tools/array.sty
Package: array 2005/08/23 v2.4b Tabular extension package (FMi)
\col@sep=\dimen119
\extrarowheight=\dimen120
\NC@list=\toks22
\extratabsurround=\skip55
\backup@length=\skip56
)
\everycr=\toks23
\minrowclearance=\skip57
)
(/home/david/texmf/tex/latex/magsilva/NewerPackages/geometry/geometry.sty
Package: geometry 2008/12/21 v4.2 Page Geometry

(/usr/share/texmf-texlive/tex/generic/oberdiek/ifpdf.sty
Package: ifpdf 2006/02/20 v1.4 Provides the ifpdf switch (HO)
Package ifpdf Info: pdfTeX in pdf mode detected.
)
(/usr/share/texmf-texlive/tex/generic/oberdiek/ifvtex.sty
Package: ifvtex 2007/01/10 v1.2 Switches for detecting VTeX and its modes (HO)
Package ifvtex Info: VTeX not detected.
)
\Gm@cnth=\count104
\Gm@cntv=\count105
\c@Gm@tempcnt=\count106
\Gm@bindingoffset=\dimen121
\Gm@wd@mp=\dimen122
\Gm@odd@mp=\dimen123
\Gm@even@mp=\dimen124
\Gm@dimlist=\toks24

(/home/david/texmf/tex/latex/magsilva/NewerPackages/geometry/geometry.cfg))
(/usr/share/texmf-texlive/tex/latex/base/inputenc.sty
Package: inputenc 2006/05/05 v1.1b Input encoding file
\inpenc@prehook=\toks25
\inpenc@posthook=\toks26

(/usr/share/texmf-texlive/tex/latex/base/latin1.def
File: latin1.def 2006/05/05 v1.1b Input encoding file
))
(/usr/share/texmf-texlive/tex/latex/base/fontenc.sty
Package: fontenc 2005/09/27 v1.99g Standard LaTeX package

(/usr/share/texmf-texlive/tex/latex/base/t1enc.def
File: t1enc.def 2005/09/27 v1.99g Standard LaTeX file
LaTeX Font Info:    Redeclaring font encoding T1 on input line 43.
))
(/home/david/texmf/tex/latex/magsilva/ICMC/Dissertacao/Examples/DeboraThesis/se
tspace.sty
Package: setspace 2000/12/01 6.7 Contributed and Supported LaTeX2e package

Package: `setspace' 6.7 <2000/12/01>
) (/usr/share/texmf-texlive/tex/latex/natbib/natbib.sty
Package: natbib 2007/02/05 8.0 (PWD)
\bibhang=\skip58
\bibsep=\skip59
LaTeX Info: Redefining \cite on input line 602.
\c@NAT@ctr=\count107
)
(/usr/share/texmf-texlive/tex/latex/ltxmisc/url.sty
\Urlmuskip=\muskip11
Package: url 2005/06/27  ver 3.2  Verb mode for urls, etc.
)
(/home/david/texmf/tex/latex/magsilva/NewerPackages/listings/listings.sty
\lst@mode=\count108
\lst@gtempboxa=\box30
\lst@token=\toks27
\lst@length=\count109
\lst@currlwidth=\dimen125
\lst@column=\count110
\lst@pos=\count111
\lst@lostspace=\dimen126
\lst@width=\dimen127
\lst@newlines=\count112
\lst@lineno=\count113
\lst@maxwidth=\dimen128

(/usr/share/texmf-texlive/tex/latex/listings/lstpatch.sty

***
*** This is a patch for listings 1.3, but you're using
*** version 1.4.
***
*** Patch file not loaded.
***

) (/home/david/texmf/tex/latex/magsilva/NewerPackages/listings/lstmisc.sty
File: lstmisc.sty 2007/02/22 1.4 (Carsten Heinz)
\c@lstnumber=\count114
\lst@skipnumbers=\count115
\lst@framebox=\box31
)
(/home/david/texmf/tex/latex/magsilva/NewerPackages/listings/listings.cfg
File: listings.cfg 2007/02/22 1.4 listings configuration
))
Package: listings 2007/02/22 1.4 (Carsten Heinz)

(/home/david/texmf/tex/latex/magsilva/NewerPackages/listings/lstlang1.sty
File: lstlang1.sty 2004/09/05 1.3 listings language file
)
(/home/david/texmf/tex/latex/magsilva/NewerPackages/listings/lstlang1.sty
File: lstlang1.sty 2004/09/05 1.3 listings language file
)
(/usr/share/texmf-texlive/tex/latex/fancybox/fancybox.sty
Package: fancybox 2000/09/19 1.3

Style option: `fancybox' v1.3 <2000/09/19> (tvz)
\@fancybox=\box32
\shadowsize=\dimen129
\@Sbox=\box33
\do@VerbBox=\toks28
\the@fancyput=\toks29
\this@fancyput=\toks30
\EndVerbatimTokens=\toks31
\Verbatim@Outfile=\write3
\Verbatim@Infile=\read1
) (/usr/share/texmf-texlive/tex/latex/tools/indentfirst.sty
Package: indentfirst 1995/11/23 v1.03 Indent first paragraph (DPC)
)
(/usr/share/texmf-texlive/tex/latex/psnfss/times.sty
Package: times 2005/04/12 PSNFSS-v9.2a (SPQR) 
)
(/usr/share/texmf-texlive/tex/latex/textfit/textfit.sty
Package: textfit 1994/04/15
\mags@f@r=\count116
\desired@size=\dimen130
\r@mainder=\count117
\m@gstepcount=\count118
\m@gsteplimit=\count119
\m@gstepvalue=\count120
\m@gstepdimen=\dimen131
)
(/usr/share/texmf-texlive/tex/latex/subfigure/subfigure.sty
Package: subfigure 2002/03/15 v2.1.5 subfigure package
\subfigtopskip=\skip60
\subfigcapskip=\skip61
\subfigcaptopadj=\dimen132
\subfigbottomskip=\skip62
\subfigcapmargin=\dimen133
\subfiglabelskip=\skip63
\c@subfigure=\count121
\c@lofdepth=\count122
\c@subtable=\count123
\c@lotdepth=\count124

****************************************
* Local config file subfigure.cfg used *
****************************************
(/usr/share/texmf-texlive/tex/latex/subfigure/subfigure.cfg)
\subfig@top=\skip64
\subfig@bottom=\skip65
)
(/usr/share/texmf-texlive/tex/latex/base/textcomp.sty
Package: textcomp 2005/09/27 v1.99g Standard LaTeX package
Package textcomp Info: Sub-encoding information:
(textcomp)               5 = only ISO-Adobe without \textcurrency
(textcomp)               4 = 5 + \texteuro
(textcomp)               3 = 4 + \textohm
(textcomp)               2 = 3 + \textestimated + \textcurrency
(textcomp)               1 = TS1 - \textcircled - \t
(textcomp)               0 = TS1 (full)
(textcomp)             Font families with sub-encoding setting implement
(textcomp)             only a restricted character set as indicated.
(textcomp)             Family '?' is the default used for unknown fonts.
(textcomp)             See the documentation for details.
Package textcomp Info: Setting ? sub-encoding to TS1/1 on input line 71.

(/usr/share/texmf-texlive/tex/latex/base/ts1enc.def
File: ts1enc.def 2001/06/05 v3.0e (jk/car/fm) Standard LaTeX file
)
LaTeX Info: Redefining \oldstylenums on input line 266.
Package textcomp Info: Setting cmr sub-encoding to TS1/0 on input line 281.
Package textcomp Info: Setting cmss sub-encoding to TS1/0 on input line 282.
Package textcomp Info: Setting cmtt sub-encoding to TS1/0 on input line 283.
Package textcomp Info: Setting cmvtt sub-encoding to TS1/0 on input line 284.
Package textcomp Info: Setting cmbr sub-encoding to TS1/0 on input line 285.
Package textcomp Info: Setting cmtl sub-encoding to TS1/0 on input line 286.
Package textcomp Info: Setting ccr sub-encoding to TS1/0 on input line 287.
Package textcomp Info: Setting ptm sub-encoding to TS1/4 on input line 288.
Package textcomp Info: Setting pcr sub-encoding to TS1/4 on input line 289.
Package textcomp Info: Setting phv sub-encoding to TS1/4 on input line 290.
Package textcomp Info: Setting ppl sub-encoding to TS1/3 on input line 291.
Package textcomp Info: Setting pag sub-encoding to TS1/4 on input line 292.
Package textcomp Info: Setting pbk sub-encoding to TS1/4 on input line 293.
Package textcomp Info: Setting pnc sub-encoding to TS1/4 on input line 294.
Package textcomp Info: Setting pzc sub-encoding to TS1/4 on input line 295.
Package textcomp Info: Setting bch sub-encoding to TS1/4 on input line 296.
Package textcomp Info: Setting put sub-encoding to TS1/5 on input line 297.
Package textcomp Info: Setting uag sub-encoding to TS1/5 on input line 298.
Package textcomp Info: Setting ugq sub-encoding to TS1/5 on input line 299.
Package textcomp Info: Setting ul8 sub-encoding to TS1/4 on input line 300.
Package textcomp Info: Setting ul9 sub-encoding to TS1/4 on input line 301.
Package textcomp Info: Setting augie sub-encoding to TS1/5 on input line 302.
Package textcomp Info: Setting dayrom sub-encoding to TS1/3 on input line 303.
Package textcomp Info: Setting dayroms sub-encoding to TS1/3 on input line 304.

Package textcomp Info: Setting pxr sub-encoding to TS1/0 on input line 305.
Package textcomp Info: Setting pxss sub-encoding to TS1/0 on input line 306.
Package textcomp Info: Setting pxtt sub-encoding to TS1/0 on input line 307.
Package textcomp Info: Setting txr sub-encoding to TS1/0 on input line 308.
Package textcomp Info: Setting txss sub-encoding to TS1/0 on input line 309.
Package textcomp Info: Setting txtt sub-encoding to TS1/0 on input line 310.
Package textcomp Info: Setting futs sub-encoding to TS1/4 on input line 311.
Package textcomp Info: Setting futx sub-encoding to TS1/4 on input line 312.
Package textcomp Info: Setting futj sub-encoding to TS1/4 on input line 313.
Package textcomp Info: Setting hlh sub-encoding to TS1/3 on input line 314.
Package textcomp Info: Setting hls sub-encoding to TS1/3 on input line 315.
Package textcomp Info: Setting hlst sub-encoding to TS1/3 on input line 316.
Package textcomp Info: Setting hlct sub-encoding to TS1/5 on input line 317.
Package textcomp Info: Setting hlx sub-encoding to TS1/5 on input line 318.
Package textcomp Info: Setting hlce sub-encoding to TS1/5 on input line 319.
Package textcomp Info: Setting hlcn sub-encoding to TS1/5 on input line 320.
Package textcomp Info: Setting hlcw sub-encoding to TS1/5 on input line 321.
Package textcomp Info: Setting hlcf sub-encoding to TS1/5 on input line 322.
Package textcomp Info: Setting pplx sub-encoding to TS1/3 on input line 323.
Package textcomp Info: Setting pplj sub-encoding to TS1/3 on input line 324.
Package textcomp Info: Setting ptmx sub-encoding to TS1/4 on input line 325.
Package textcomp Info: Setting ptmj sub-encoding to TS1/4 on input line 326.
)
(/usr/share/texmf-texlive/tex/latex/lettrine/lettrine.sty
File: lettrine.sty 2004/05/22 v1.6 (D. Flipo)
\c@DefaultLines=\count125
\DefaultFindent=\dimen134
\DefaultNindent=\dimen135
\DefaultSlope=\dimen136
\L@lbox=\box34
\L@tbox=\box35
\c@L@lines=\count126
\L@Pindent=\dimen137
\L@Findent=\dimen138
\L@Nindent=\dimen139
\L@lraise=\dimen140
\L@first=\dimen141
\L@next=\dimen142
\L@slope=\dimen143
\L@height=\dimen144
\LettrineWidth=\dimen145

(/usr/share/texmf-texlive/tex/latex/lettrine/lettrine.cfg))
(/usr/share/texmf-texlive/tex/latex/multirow/multirow.sty
\bigstrutjot=\dimen146
)
(/usr/share/texmf-texlive/tex/latex/tools/longtable.sty
Package: longtable 2004/02/01 v4.11 Multi-page Table package (DPC)
\LTleft=\skip66
\LTright=\skip67
\LTpre=\skip68
\LTpost=\skip69
\LTchunksize=\count127
\LTcapwidth=\dimen147
\LT@head=\box36
\LT@firsthead=\box37
\LT@foot=\box38
\LT@lastfoot=\box39
\LT@cols=\count128
\LT@rows=\count129
\c@LT@tables=\count130
\c@LT@chunks=\count131
\LT@p@ftn=\toks32
)
(/usr/share/texmf-texlive/tex/latex/graphics/graphicx.sty
Package: graphicx 1999/02/16 v1.0f Enhanced LaTeX Graphics (DPC,SPQR)

(/usr/share/texmf-texlive/tex/latex/graphics/graphics.sty
Package: graphics 2006/02/20 v1.0o Standard LaTeX Graphics (DPC,SPQR)

(/usr/share/texmf-texlive/tex/latex/graphics/trig.sty
Package: trig 1999/03/16 v1.09 sin cos tan (DPC)
)
(/etc/texmf/tex/latex/config/graphics.cfg
File: graphics.cfg 2007/01/18 v1.5 graphics configuration of teTeX/TeXLive
)
Package graphics Info: Driver file: pdftex.def on input line 90.
)
\Gin@req@height=\dimen148
\Gin@req@width=\dimen149
)
(/usr/share/texmf-texlive/tex/latex/hyperref/hyperref.sty
Package: hyperref 2007/02/07 v6.75r Hypertext links for LaTeX
\@linkdim=\dimen150
\Hy@linkcounter=\count132
\Hy@pagecounter=\count133

(/usr/share/texmf-texlive/tex/latex/hyperref/pd1enc.def
File: pd1enc.def 2007/02/07 v6.75r Hyperref: PDFDocEncoding definition (HO)
)
(/etc/texmf/tex/latex/config/hyperref.cfg
File: hyperref.cfg 2002/06/06 v1.2 hyperref configuration of TeXLive
)
(/usr/share/texmf-texlive/tex/latex/oberdiek/kvoptions.sty
Package: kvoptions 2006/08/22 v2.4 Connects package keyval with LaTeX options (
HO)
)
Package hyperref Info: Hyper figures OFF on input line 2288.
Package hyperref Info: Link nesting OFF on input line 2293.
Package hyperref Info: Hyper index ON on input line 2296.
Package hyperref Info: Plain pages OFF on input line 2303.
Package hyperref Info: Backreferencing OFF on input line 2308.

Implicit mode ON; LaTeX internals redefined
Package hyperref Info: Bookmarks ON on input line 2444.
LaTeX Info: Redefining \url on input line 2599.
\Fld@menulength=\count134
\Field@Width=\dimen151
\Fld@charsize=\dimen152
\Choice@toks=\toks33
\Field@toks=\toks34
Package hyperref Info: Hyper figures OFF on input line 3102.
Package hyperref Info: Link nesting OFF on input line 3107.
Package hyperref Info: Hyper index ON on input line 3110.
Package hyperref Info: backreferencing OFF on input line 3117.
Package hyperref Info: Link coloring OFF on input line 3122.
\Hy@abspage=\count135
\c@Item=\count136
\c@Hfootnote=\count137
)
*hyperref using driver hpdftex*
(/usr/share/texmf-texlive/tex/latex/hyperref/hpdftex.def
File: hpdftex.def 2007/02/07 v6.75r Hyperref driver for pdfTeX
\Fld@listcount=\count138
)
Package hyperref Info: Option `colorlinks' set `true' on input line 66.
Package hyperref Info: Option `debug' set `false' on input line 66.


LaTeX Warning: Unused global option(s):
    [abnt].

(./Quali.aux (./tex/referencias.aux))
\openout1 = `Quali.aux'.

LaTeX Font Info:    Checking defaults for OML/cmm/m/it on input line 71.
LaTeX Font Info:    ... okay on input line 71.
LaTeX Font Info:    Checking defaults for T1/cmr/m/n on input line 71.
LaTeX Font Info:    ... okay on input line 71.
LaTeX Font Info:    Checking defaults for OT1/cmr/m/n on input line 71.
LaTeX Font Info:    ... okay on input line 71.
LaTeX Font Info:    Checking defaults for OMS/cmsy/m/n on input line 71.
LaTeX Font Info:    ... okay on input line 71.
LaTeX Font Info:    Checking defaults for OMX/cmex/m/n on input line 71.
LaTeX Font Info:    ... okay on input line 71.
LaTeX Font Info:    Checking defaults for U/cmr/m/n on input line 71.
LaTeX Font Info:    ... okay on input line 71.
LaTeX Font Info:    Checking defaults for TS1/cmr/m/n on input line 71.
LaTeX Font Info:    Try loading font information for TS1+cmr on input line 71.

(/usr/share/texmf-texlive/tex/latex/base/ts1cmr.fd
File: ts1cmr.fd 1999/05/25 v2.5h Standard LaTeX font definitions
)
LaTeX Font Info:    ... okay on input line 71.
LaTeX Font Info:    Checking defaults for PD1/pdf/m/n on input line 71.
LaTeX Font Info:    ... okay on input line 71.
LaTeX Font Info:    Try loading font information for T1+ptm on input line 71.

(/usr/share/texmf-texlive/tex/latex/psnfss/t1ptm.fd
File: t1ptm.fd 2001/06/04 font definitions for T1/ptm.
)
(/usr/share/texmf/tex/latex/dblatex/misc/ragged2e.sty
Package: ragged2e 2003/03/25 v2.04 ragged2e Package (MS)

(/usr/share/texmf-texlive/tex/latex/everysel/everysel.sty
Package: everysel 1999/06/08 v1.03 EverySelectfont Package (MS)
LaTeX Info: Redefining \selectfont on input line 125.
)
\CenteringLeftskip=\skip70
\RaggedLeftLeftskip=\skip71
\RaggedRightLeftskip=\skip72
\CenteringRightskip=\skip73
\RaggedLeftRightskip=\skip74
\RaggedRightRightskip=\skip75
\CenteringParfillskip=\skip76
\RaggedLeftParfillskip=\skip77
\RaggedRightParfillskip=\skip78
\JustifyingParfillskip=\skip79
\CenteringParindent=\skip80
\RaggedLeftParindent=\skip81
\RaggedRightParindent=\skip82
\JustifyingParindent=\skip83
)
(/usr/share/texmf/tex/context/base/supp-pdf.tex
[Loading MPS to PDF converter (version 2006.09.02).]
\scratchcounter=\count139
\scratchdimen=\dimen153
\scratchbox=\box40
\nofMPsegments=\count140
\nofMParguments=\count141
\everyMPshowfont=\toks35
\MPscratchCnt=\count142
\MPscratchDim=\dimen154
\MPnumerator=\count143
\everyMPtoPDFconversion=\toks36
)
*geometry auto-detecting driver*
*geometry detected driver: pdftex*
-------------------- Geometry parameters
paper: a4paper
landscape: --
twocolumn: --
twoside: true
asymmetric: --
h-parts: 71.13188pt, 469.47049pt, 56.9055pt
v-parts: 71.13188pt, 702.78308pt, 71.13188pt
hmarginratio: --
vmarginratio: --
lines: --
heightrounded: --
bindingoffset: 0.0pt
truedimen: --
includehead: --
includefoot: --
includemp: --
driver: pdftex
-------------------- Page layout dimensions and switches
\paperwidth  597.50787pt
\paperheight 845.04684pt
\textwidth  469.47049pt
\textheight 702.78308pt
\oddsidemargin  -1.1381pt
\evensidemargin -15.36449pt
\topmargin  -26.97147pt
\headheight 15.50002pt
\headsep    10.33334pt
\footskip   30.0pt
\marginparwidth 88.0pt
\marginparsep   7.0pt
\columnsep  10.0pt
\skip\footins  10.8pt plus 4.0pt minus 2.0pt
\hoffset 0.0pt
\voffset 0.0pt
\mag 1000
\@twosidetrue \@mparswitchtrue 
(1in=72.27pt, 1cm=28.45pt)
-----------------------
\c@lstlisting=\count144
Package hyperref Info: Link coloring ON on input line 71.
(/usr/share/texmf-texlive/tex/latex/hyperref/nameref.sty
Package: nameref 2006/12/27 v2.28 Cross-referencing by name of section

(/usr/share/texmf-texlive/tex/latex/oberdiek/refcount.sty
Package: refcount 2006/02/20 v3.0 Data extraction from references (HO)
)
\c@section@level=\count145
)
LaTeX Info: Redefining \ref on input line 71.
LaTeX Info: Redefining \pageref on input line 71.
 (./Quali.out)
(./Quali.out)
\@outlinefile=\write4
\openout4 = `Quali.out'.

 (./tex/capa.tex
LaTeX Font Info:    Try loading font information for T1+phv on input line 12.

(/usr/share/texmf-texlive/tex/latex/psnfss/t1phv.fd
File: t1phv.fd 2001/06/04 scalable font definitions for T1/phv.
)
LaTeX Font Info:    Font shape `T1/ptm/bx/n' in size <12> not available
(Font)              Font shape `T1/ptm/b/n' tried instead on input line 14.
LaTeX Font Info:    Font shape `T1/ptm/bx/n' in size <14.4> not available
(Font)              Font shape `T1/ptm/b/n' tried instead on input line 14.
LaTeX Font Info:    Font shape `T1/ptm/bx/it' in size <14.4> not available
(Font)              Font shape `T1/ptm/b/it' tried instead on input line 14.
 [1

{/var/lib/texmf/fonts/map/pdftex/updmap/pdftex.map}] [2

]) (./tex/rosto.tex
Underfull \hbox (badness 10000) in paragraph at lines 12--14

 []

LaTeX Font Info:    Font shape `T1/ptm/bx/it' in size <12> not available
(Font)              Font shape `T1/ptm/b/it' tried instead on input line 25.
[3] [4

]) (./tex/resumo.tex
LaTeX Font Info:    Font shape `T1/phv/bx/n' in size <24.88> not available
(Font)              Font shape `T1/phv/b/n' tried instead on input line 2.
) [1



] [2


] (./Quali.toc [3])
\tf@toc=\write5
\openout5 = `Quali.toc'.

 [4] (./Quali.lof)
\tf@lof=\write6
\openout6 = `Quali.lof'.


[5



] [6

] (./Quali.lot)
\tf@lot=\write7
\openout7 = `Quali.lot'.

 [7


] [8

] (./tex/siglas.tex) [9


] (./tex/siglas2.tex)
[10

] (./tex/introducao.tex
Cap\'{\i }tulo 1.
pdfTeX warning (ext4): destination with the same identifier (name{page.1}) has 
been already used, duplicate ignored
<to be read again> 
                   \relax 
l.18 \item T
            ecnológico: investigação de ferramentas de modelagem e transform...
[1




]pdfTeX warning (ext4): destination with the same identifier (name{page.2}) has
 been already used, duplicate ignored
<to be read again> 
                   \relax 
l.35 C
      ontudo, para desenvolver este ambiente, é preciso atentar para os prob...
[2]
LaTeX Font Info:    Font shape `T1/phv/bx/n' in size <12> not available
(Font)              Font shape `T1/phv/b/n' tried instead on input line 43.
LaTeX Font Info:    Font shape `T1/phv/bx/n' in size <17.28> not available
(Font)              Font shape `T1/phv/b/n' tried instead on input line 43.
) (./tex/mdd.texpdfTeX warning (ext4): destination with the same identifier (na
me{page.3}) has been already used, duplicate ignored
<to be read again> 
                   \relax 
l.1 \newpage
             [3]pdfTeX warning (ext4): destination with the same identifier (na
me{page.4}) has been already used, duplicate ignored
<to be read again> 
                   \relax 
l.4 \chapter
            {MDD} [4


]
Cap\'{\i }tulo 2.
[5] <imagens/desTrad.jpg, id=401, 465.4188pt x 195.129pt>
File: imagens/desTrad.jpg Graphic file (type jpg)

<use imagens/desTrad.jpg>
<imagens/desMDD.jpg, id=406, 466.1415pt x 152.4897pt>
File: imagens/desMDD.jpg Graphic file (type jpg)
 <use imagens/desMDD.jpg>
LaTeX Font Info:    Try loading font information for TS1+ptm on input line 39.

(/usr/share/texmf-texlive/tex/latex/psnfss/ts1ptm.fd
File: ts1ptm.fd 2001/06/04 font definitions for TS1/ptm.
)
Overfull \hbox (1.128pt too wide) in paragraph at lines 40--41
[]\T1/ptm/m/n/12 Portabilidade e In-te-ro-pe-ra-bi-li-dade: como o mo-delo é in
-de-pen-dente de pla-ta-forma, um mesmo
 []

[6 <./imagens/desTrad.jpg>] [7 <./imagens/desMDD.jpg>]
<imagens/principais_elementos.jpg, id=431, 652.68843pt x 298.11375pt>
File: imagens/principais_elementos.jpg Graphic file (type jpg)

<use imagens/principais_elementos.jpg> [8 <./imagens/principais_elementos.jpg>]
[9]
LaTeX Font Info:    Font shape `T1/phv/bx/n' in size <14.4> not available
(Font)              Font shape `T1/phv/b/n' tried instead on input line 93.
 [10] <imagens/ciclodevidaMDA.png, id=477, 431.6125pt x 445.665pt>
File: imagens/ciclodevidaMDA.png Graphic file (type png)

<use imagens/ciclodevidaMDA.png>
<imagens/pimpsm.png, id=481, 329.23pt x 321.2pt>
File: imagens/pimpsm.png Graphic file (type png)
 <use imagens/pimpsm.png>
<imagens/pimpsm2.png, id=487, 329.23pt x 283.0575pt>
File: imagens/pimpsm2.png Graphic file (type png)
 <use imagens/pimpsm2.png>
[11 <./imagens/ciclodevidaMDA.png (PNG copy)>] [12 <./imagens/pimpsm.png (PNG c
opy)> <./imagens/pimpsm2.png>]
<imagens/metamodelagem.png, id=506, 340.27126pt x 342.27875pt>
File: imagens/metamodelagem.png Graphic file (type png)

<use imagens/metamodelagem.png> [13 <./imagens/metamodelagem.png (PNG copy)>]
[14]) (./tex/colaboracao.tex [15] [16


]
Cap\'{\i }tulo 3.
[17] [18] [19] <imagens/quadrantes.jpeg, id=611, 887.315pt x 544.0325pt>
File: imagens/quadrantes.jpeg Graphic file (type jpg)

<use imagens/quadrantes.jpeg> [20] [21 <./imagens/quadrantes.jpeg>] [22]
<imagens/arquiteturaJoomla.png, id=704, 620.3175pt x 298.86656pt>
File: imagens/arquiteturaJoomla.png Graphic file (type png)

<use imagens/arquiteturaJoomla.png>
<imagens/arquiteturaDrupal.png, id=707, 529.98pt x 564.1075pt>
File: imagens/arquiteturaDrupal.png Graphic file (type png)

<use imagens/arquiteturaDrupal.png> [23] [24 <./imagens/arquiteturaJoomla.png> 
<./imagens/arquiteturaDrupal.png (PNG copy)>] [25] [26] [27])
(./tex/proposta.tex [28]
Cap\'{\i }tulo 4.
[29


] [30] [31]
<imagens/esq_gen_sis_emb.jpeg, id=906, 596.98032pt x 422.32782pt>
File: imagens/esq_gen_sis_emb.jpeg Graphic file (type jpg)

<use imagens/esq_gen_sis_emb.jpeg> [32] [33 <./imagens/esq_gen_sis_emb.jpeg>]
[34] [35]) (./tex/metodo.tex [36]
Cap\'{\i }tulo 5.
[37


]
LaTeX Font Info:    Try loading font information for T1+pcr on input line 31.
 (/usr/share/texmf-texlive/tex/latex/psnfss/t1pcr.fd
File: t1pcr.fd 2001/06/04 font definitions for T1/pcr.
)
<imagens/suporteMetamodelo.png, id=982, 548.0475pt x 520.94624pt>
File: imagens/suporteMetamodelo.png Graphic file (type png)

<use imagens/suporteMetamodelo.png> [38 <./imagens/suporteMetamodelo.png (PNG c
opy)>] <imagens/transformacoes.png, id=991, 613.54219pt x 437.38406pt>
File: imagens/transformacoes.png Graphic file (type png)

<use imagens/transformacoes.png> [39] [40 <./imagens/transformacoes.png (PNG co
py)>] [41] <imagens/estudoCaso.png, id=1024, 548.80031pt x 615.0478pt>
File: imagens/estudoCaso.png Graphic file (type png)

<use imagens/estudoCaso.png> [42]
<imagens/estudoDeCasoII.jpg, id=1038, 1120.185pt x 831.105pt>
File: imagens/estudoDeCasoII.jpg Graphic file (type jpg)

<use imagens/estudoDeCasoII.jpg>
Underfull \hbox (badness 10000) in paragraph at lines 163--164

 []

LaTeX Font Info:    Font shape `T1/ptm/bx/n' in size <10.95> not available
(Font)              Font shape `T1/ptm/b/n' tried instead on input line 189.
LaTeX Font Info:    Font shape `T1/ptm/bx/n' in size <8> not available
(Font)              Font shape `T1/ptm/b/n' tried instead on input line 193.
[43]) [44] [45 <./imagens/estudoCaso.png (PNG copy)>] [46 <./imagens/estudoDeCa
soII.jpg>]
\openout2 = `tex/referencias.aux'.

 (./tex/referencias.tex (./Quali.bbl (./babelbst.tex)
Underfull \hbox (badness 1496) in paragraph at lines 12--18
\T1/ptm/m/n/12 Disponível em: [][]$\T1/pcr/m/n/12 http : / / portal . acm . org
 / citation . cfm ? id = 1370152&coll =
 []


Underfull \hbox (badness 10000) in paragraph at lines 26--33
\T1/ptm/m/n/12 Disponível em: [][]$\T1/pcr/m/n/12 http : / / www . scopus . com
 / inward / record . url ? eid = 2-[]s2 .
 []

[47




]
Underfull \hbox (badness 5475) in paragraph at lines 101--105
\T1/ptm/m/n/12 Disponível em: [][]$\T1/pcr/m/n/12 http : / / wiki . eclipse . o
rg / index . php / EMF / FAQ # What _ is _
 []

[48]
Underfull \hbox (badness 10000) in paragraph at lines 143--149
\T1/ptm/m/n/12 Disponível em: [][]$\T1/pcr/m/n/12 http : / / www . springerlink
 . com / content /
 []


Underfull \hbox (badness 10000) in paragraph at lines 164--170
\T1/ptm/m/n/12 Disponível em: [][]$\T1/pcr/m/n/12 http : / / research . microso
ft . com / en-[]us / um / people /
 []


Underfull \hbox (badness 5475) in paragraph at lines 177--181
\T1/ptm/m/n/12 Disponível em: [][]$\T1/pcr/m/n/12 http : / / homepages . cwi . 
nl / ~jan / Developments _ in _ DSLs .
 []

[49]
Underfull \hbox (badness 10000) in paragraph at lines 199--204
\T1/ptm/m/n/12 Disponível em: [][]$\T1/pcr/m/n/12 http : / / dblp . uni-[]trier
 . de / db / conf / se / se2005 . html #
 []


Underfull \hbox (badness 10000) in paragraph at lines 206--212
\T1/ptm/m/n/12 Disponível em: [][]$\T1/pcr/m/n/12 http : / / proquest . safarib
ooksonline . com /
 []


Underfull \hbox (badness 10000) in paragraph at lines 206--212
\T1/pcr/m/n/12 0-[]321-[]19442-[]X / ch01lev1sec1 # X2ludGVybmFsX0ZsYXNoUmVhZGV
y /
 []


Underfull \hbox (badness 10000) in paragraph at lines 230--237
\T1/ptm/m/n/12 Disponível em: [][]$\T1/pcr/m/n/12 http : / / www . sciencedirec
t . com / science / article /
 []


Underfull \hbox (badness 10000) in paragraph at lines 260--266
\T1/ptm/m/n/12 Disponível em: [][]$\T1/pcr/m/n/12 http : / / www . scopus . com
 / inward / record . url ? eid = 2-[]s2 .
 []

[50]
Underfull \hbox (badness 10000) in paragraph at lines 301--307
\T1/ptm/m/n/12 Disponível em: [][]$\T1/pcr/m/n/12 http : / / www . springerlink
 . com / content /
 []

[51]
Underfull \hbox (badness 10000) in paragraph at lines 339--343
\T1/ptm/m/n/12 Disponível em: [][]$\T1/pcr/m/n/12 http : / / www . omg . org / 
technology / documents / modeling _
 []


LaTeX Font Warning: Font shape `TS1/ptm/m/sc' undefined
(Font)              using `TS1/ptm/m/n' instead
(Font)              for symbol `textordmasculine' on input line 397.


Underfull \hbox (badness 10000) in paragraph at lines 397--403
\T1/ptm/m/n/12 Disponível em: [][]$\T1/pcr/m/n/12 http : / / www . sciencedirec
t . com / science / article /
 []

[52]
Underfull \hbox (badness 10000) in paragraph at lines 405--416
\T1/ptm/m/n/12 Disponível em: [][]$\T1/pcr/m/n/12 http : / / www . scopus . com
 / inward / record . url ? eid = 2-[]s2 .
 []


Underfull \hbox (badness 10000) in paragraph at lines 438--448
\T1/ptm/m/n/12 Disponível em: [][]$\T1/pcr/m/n/12 http : / / www . scopus . com
 / inward / record . url ? eid = 2-[]s2 .
 []

[53]
Underfull \hbox (badness 10000) in paragraph at lines 467--471
\T1/ptm/m/n/12 Disponível em: [][]$\T1/pcr/m/n/12 http : / / www . ibm . com / 
developerworks / br / library /
 []

)) [54] (./Quali.aux (./tex/referencias.aux))

LaTeX Font Warning: Some font shapes were not available, defaults substituted.

 )
(\end occurred inside a group at level 1)

### semi simple group (level 1) entered at line 96 (\begingroup)
### bottom level 
Here is how much of TeX's memory you used:
 8681 strings out of 94101
 119900 string characters out of 1165810
 197680 words of memory out of 1500000
 11448 multiletter control sequences out of 10000+50000
 99205 words of font info for 104 fonts, out of 1200000 for 2000
 642 hyphenation exceptions out of 8191
 42i,12n,49p,1098b,776s stack positions out of 5000i,500n,6000p,200000b,5000s
{/usr/share/texmf-texlive/fonts/enc/dvips/base/8r.enc}</usr/sha
re/texmf-texlive/fonts/type1/bluesky/cm/cmsy10.pfb></usr/share/texmf-texlive/fo
nts/type1/urw/courier/ucrr8a.pfb></usr/share/texmf-texlive/fonts/type1/urw/helv
etic/uhvb8a.pfb></usr/share/texmf-texlive/fonts/type1/urw/helvetic/uhvr8a.pfb><
/usr/share/texmf-texlive/fonts/type1/urw/helvetic/uhvro8a.pfb></usr/share/texmf
-texlive/fonts/type1/urw/times/utmb8a.pfb></usr/share/texmf-texlive/fonts/type1
/urw/times/utmbi8a.pfb></usr/share/texmf-texlive/fonts/type1/urw/times/utmr8a.p
fb></usr/share/texmf-texlive/fonts/type1/urw/times/utmr8a.pfb></usr/share/texmf
-texlive/fonts/type1/urw/times/utmri8a.pfb>
Output written on Quali.pdf (68 pages, 1246801 bytes).
PDF statistics:
 1250 PDF objects out of 1440 (max. 8388607)
 246 named destinations out of 1000 (max. 131072)
 412 words of extra memory for PDF output out of 10000 (max. 10000000)

