\BOOKMARK [0][-]{chapter*.1}{Resumo}{}
\BOOKMARK [0][-]{chapter*.4}{Lista de Abreviaturas e Siglas}{}
\BOOKMARK [0][-]{chapter.1}{Introdu\347\343o}{}
\BOOKMARK [1][-]{section.1.1}{Descri\347\343o geral da \341rea, o Problema e a Justificativa}{chapter.1}
\BOOKMARK [1][-]{section.1.2}{Hip\363tese e objetivo}{chapter.1}
\BOOKMARK [1][-]{section.1.3}{Escopo}{chapter.1}
\BOOKMARK [1][-]{section.1.4}{Resultados Esperados}{chapter.1}
\BOOKMARK [1][-]{section.1.5}{Estrutura deste trabalho}{chapter.1}
\BOOKMARK [0][-]{chapter.2}{Trabalhos Relacionados}{}
\BOOKMARK [0][-]{chapter.3}{Revis\343o Bibliogr\341fica}{}
\BOOKMARK [1][-]{section.3.1}{Model Driven Development}{chapter.3}
\BOOKMARK [1][-]{section.3.2}{O desenvolvimento tradicional usando svns}{chapter.3}
\BOOKMARK [1][-]{section.3.3}{Domain Specific Languages}{chapter.3}
\BOOKMARK [2][-]{subsection.3.3.1}{Templates}{section.3.3}
\BOOKMARK [1][-]{section.3.4}{Colabora\347\343o}{chapter.3}
\BOOKMARK [1][-]{section.3.5}{Wiki}{chapter.3}
\BOOKMARK [0][-]{chapter.4}{Desenvolvimento}{}
\BOOKMARK [1][-]{section.4.1}{O CoMDD - Collaborative Model Driven Development}{chapter.4}
\BOOKMARK [1][-]{section.4.2}{M\351todo}{chapter.4}
\BOOKMARK [2][-]{subsection.4.2.1}{Estudo de Caso I}{section.4.2}
\BOOKMARK [2][-]{subsection.4.2.2}{Estudo de Caso II}{section.4.2}
\BOOKMARK [2][-]{subsection.4.2.3}{Estuo de caso 3: an\341lise de v\355deos e planilha de ticar}{section.4.2}
\BOOKMARK [0][-]{chapter.5}{Conclus\343o}{}
\BOOKMARK [1][-]{section.5.1}{Conclus\365es - verificar com carinho}{chapter.5}
\BOOKMARK [1][-]{section.5.2}{Contribui\347\365es}{chapter.5}
\BOOKMARK [1][-]{section.5.3}{Trabalhos Futuros}{chapter.5}
\BOOKMARK [1][-]{section.5.4}{Limita\347\365es do Trabalho}{chapter.5}
\BOOKMARK [1][-]{section.5.5}{Li\347\365es aprendidas}{chapter.5}
\BOOKMARK [0][-]{section.5.5}{Refer\352ncias}{}
\BOOKMARK [0][-]{appendix.A}{Implementa\347\343o do CoMDD}{}
\BOOKMARK [0][-]{appendix.B}{Ap\352ndice C}{}
\BOOKMARK [0][-]{appendix.A}{Textos apresentados no experimento}{}
\BOOKMARK [1][-]{section.A.1}{Texto I: O que \351 o CoMDD?}{appendix.A}
\BOOKMARK [1][-]{section.A.2}{Texto II: Como programar para o CoMDD}{appendix.A}
\BOOKMARK [1][-]{section.A.3}{Instala\347\343o do Eclipse+SVN e importa\347\343o da DSL}{appendix.A}
\BOOKMARK [0][-]{appendix.A}{Textos apresentados no experimento}{}
\BOOKMARK [1][-]{section.A.1}{Conversa da Equipe B do Estudo de Caso 2 realizada no final do experimento}{appendix.A}
\BOOKMARK [0][-]{appendix.A}{Perguntas Respondidas pelas Equipes A e B do Estudo de Caso 2}{}
\BOOKMARK [1][-]{section.A.1}{Perguntas e respostas da Equipe A}{appendix.A}
\BOOKMARK [1][-]{section.A.2}{Perguntas e respostas da Equipe B}{appendix.A}
\BOOKMARK [0][-]{appendix.A}{Detalhes de implementa\347\343o}{}
